<?xml version="1.0" encoding="UTF-8"?>
<testsuite name="tests.AddContactTest" tests="1" skipped="0" failures="0" errors="0" timestamp="2021-08-20T11:08:13" hostname="WIN-VLIAFR1P8UG" time="3.921">
  <properties/>
  <testcase name="NegativeAddSameContact" classname="tests.AddContactTest" time="3.921"/>
  <system-out><![CDATA[14:07:58 [Test worker] INFO  application.AppManager - Start in browser CHROME
14:07:59 [Test worker] INFO  tests.TestBase - Start method  --> NegativeAddSameContact
14:07:59 [Test worker] INFO  application.MyListener - Start find element by -->By.xpath: //*[.='Sign Out']
14:08:09 [Test worker] INFO  application.MyListener - The element -->By.xpath: //*[.='Sign Out']was found
14:08:09 [Test worker] INFO  application.MyListener - Start find element by -->By.xpath: //a[.='LOGIN']
14:08:09 [Test worker] INFO  application.MyListener - The element -->By.xpath: //a[.='LOGIN']was found
14:08:10 [Test worker] INFO  application.MyListener - Start find element by -->By.xpath: //input[@placeholder='Email']
14:08:10 [Test worker] INFO  application.MyListener - The element -->By.xpath: //input[@placeholder='Email']was found
14:08:10 [Test worker] INFO  application.MyListener - Start find element by -->By.xpath: //input[@placeholder='Password']
14:08:10 [Test worker] INFO  application.MyListener - The element -->By.xpath: //input[@placeholder='Password']was found
14:08:10 [Test worker] INFO  application.MyListener - Start find element by -->By.xpath: //button[.=' Login']
14:08:10 [Test worker] INFO  application.MyListener - The element -->By.xpath: //button[.=' Login']was found
14:08:10 [Test worker] INFO  application.MyListener - Start find element by -->By.xpath: //*[.='ADD']
14:08:11 [Test worker] INFO  application.MyListener - The element -->By.xpath: //*[.='ADD']was found
14:08:12 [Test worker] INFO  application.MyListener - Start find element by -->By.xpath: //a[.='ADD']
14:08:12 [Test worker] INFO  application.MyListener - The element -->By.xpath: //a[.='ADD']was found
14:08:12 [Test worker] INFO  application.MyListener - Start find element by -->By.cssSelector: [placeholder='Name']
14:08:12 [Test worker] INFO  application.MyListener - The element -->By.cssSelector: [placeholder='Name']was found
14:08:12 [Test worker] INFO  application.MyListener - Start find element by -->By.cssSelector: [placeholder='Last Name']
14:08:12 [Test worker] INFO  application.MyListener - The element -->By.cssSelector: [placeholder='Last Name']was found
14:08:12 [Test worker] INFO  application.MyListener - Start find element by -->By.cssSelector: [placeholder='Phone']
14:08:12 [Test worker] INFO  application.MyListener - The element -->By.cssSelector: [placeholder='Phone']was found
14:08:12 [Test worker] INFO  application.MyListener - Start find element by -->By.cssSelector: [placeholder='email']
14:08:12 [Test worker] INFO  application.MyListener - The element -->By.cssSelector: [placeholder='email']was found
14:08:12 [Test worker] INFO  application.MyListener - Start find element by -->By.cssSelector: [placeholder='Address']
14:08:12 [Test worker] INFO  application.MyListener - The element -->By.cssSelector: [placeholder='Address']was found
14:08:12 [Test worker] INFO  application.MyListener - Start find element by -->By.cssSelector: [placeholder='description']
14:08:12 [Test worker] INFO  application.MyListener - The element -->By.cssSelector: [placeholder='description']was found
14:08:12 [Test worker] INFO  application.MyListener - Start find element by -->By.xpath: //b[.='Save']
14:08:12 [Test worker] INFO  application.MyListener - The element -->By.xpath: //b[.='Save']was found
14:08:12 [Test worker] INFO  application.MyListener - Start find element by -->By.xpath: //h3
14:08:13 [Test worker] INFO  application.MyListener - The element -->By.xpath: //h3was found
12345649214:08:13 [Test worker] INFO  application.MyListener - Start find element by -->By.xpath: //a[.='ADD']
14:08:13 [Test worker] INFO  application.MyListener - The element -->By.xpath: //a[.='ADD']was found
14:08:13 [Test worker] INFO  application.MyListener - Start find element by -->By.cssSelector: [placeholder='Name']
14:08:13 [Test worker] INFO  application.MyListener - The element -->By.cssSelector: [placeholder='Name']was found
14:08:14 [Test worker] INFO  application.MyListener - Start find element by -->By.cssSelector: [placeholder='Last Name']
14:08:14 [Test worker] INFO  application.MyListener - The element -->By.cssSelector: [placeholder='Last Name']was found
14:08:14 [Test worker] INFO  application.MyListener - Start find element by -->By.cssSelector: [placeholder='Phone']
14:08:14 [Test worker] INFO  application.MyListener - The element -->By.cssSelector: [placeholder='Phone']was found
14:08:14 [Test worker] INFO  application.MyListener - Start find element by -->By.cssSelector: [placeholder='email']
14:08:14 [Test worker] INFO  application.MyListener - The element -->By.cssSelector: [placeholder='email']was found
14:08:14 [Test worker] INFO  application.MyListener - Start find element by -->By.cssSelector: [placeholder='Address']
14:08:14 [Test worker] INFO  application.MyListener - The element -->By.cssSelector: [placeholder='Address']was found
14:08:14 [Test worker] INFO  application.MyListener - Start find element by -->By.cssSelector: [placeholder='description']
14:08:14 [Test worker] INFO  application.MyListener - The element -->By.cssSelector: [placeholder='description']was found
14:08:14 [Test worker] INFO  application.MyListener - Start find element by -->By.xpath: //b[.='Save']
14:08:14 [Test worker] INFO  application.MyListener - The element -->By.xpath: //b[.='Save']was found
14:08:16 [Test worker] INFO  application.MyListener - Start find element by -->By.xpath: //a[.='ADD']
14:08:16 [Test worker] INFO  application.MyListener - The element -->By.xpath: //a[.='ADD']was found
14:08:16 [Test worker] INFO  application.MyListener - Start find element by -->By.cssSelector: [placeholder='Name']
14:08:16 [Test worker] INFO  application.MyListener - The element -->By.cssSelector: [placeholder='Name']was found
14:08:17 [Test worker] INFO  application.MyListener - Start find element by -->By.cssSelector: [placeholder='Last Name']
14:08:17 [Test worker] INFO  application.MyListener - The element -->By.cssSelector: [placeholder='Last Name']was found
14:08:17 [Test worker] INFO  application.MyListener - Start find element by -->By.cssSelector: [placeholder='Phone']
14:08:17 [Test worker] INFO  application.MyListener - The element -->By.cssSelector: [placeholder='Phone']was found
14:08:17 [Test worker] INFO  application.MyListener - Start find element by -->By.cssSelector: [placeholder='email']
14:08:17 [Test worker] INFO  application.MyListener - The element -->By.cssSelector: [placeholder='email']was found
14:08:17 [Test worker] INFO  application.MyListener - Start find element by -->By.cssSelector: [placeholder='Address']
14:08:17 [Test worker] INFO  application.MyListener - The element -->By.cssSelector: [placeholder='Address']was found
14:08:17 [Test worker] INFO  application.MyListener - Start find element by -->By.cssSelector: [placeholder='description']
14:08:17 [Test worker] INFO  application.MyListener - The element -->By.cssSelector: [placeholder='description']was found
14:08:17 [Test worker] INFO  application.MyListener - Start find element by -->By.xpath: //b[.='Save']
14:08:17 [Test worker] INFO  application.MyListener - The element -->By.xpath: //b[.='Save']was found
14:08:17 [Test worker] INFO  application.MyListener - Start find element by -->By.cssSelector: .contact-item_card__2SOIM
14:08:27 [Test worker] INFO  application.MyListener - The element -->By.cssSelector: .contact-item_card__2SOIMwas found
14:08:27 [Test worker] INFO  tests.TestBase - End of method --> NegativeAddSameContact
]]></system-out>
  <system-err><![CDATA[Starting ChromeDriver 92.0.4515.107 (87a818b10553a07434ea9e2b6dccf3cbe7895134-refs/branch-heads/4515@{#1634}) on port 41971
Only local connections are allowed.
Please see https://chromedriver.chromium.org/security-considerations for suggestions on keeping ChromeDriver safe.
ChromeDriver was started successfully.
Aug 20, 2021 2:07:58 PM org.openqa.selenium.remote.ProtocolHandshake createSession
INFO: Detected dialect: W3C
]]></system-err>
</testsuite>
