<?xml version="1.0" encoding="UTF-8"?>
<testsuite name="tests.LoginTest" tests="7" skipped="0" failures="0" errors="0" timestamp="2021-08-12T14:56:04" hostname="WIN-VLIAFR1P8UG" time="5.579">
  <properties/>
  <testcase name="loginTestBase" classname="tests.LoginTest" time="1.445"/>
  <testcase name="loginTestDP_CSV[0](models.User@65d31519)" classname="tests.LoginTest" time="0.625"/>
  <testcase name="loginTestDP_CSV[1](models.User@570bb2ad)" classname="tests.LoginTest" time="0.587"/>
  <testcase name="loginTestDP_CSV[2](models.User@742da698)" classname="tests.LoginTest" time="0.571"/>
  <testcase name="loginTestDataProviderClass[0](anat@gmail.com, Aa12345$)" classname="tests.LoginTest" time="0.605"/>
  <testcase name="loginTestDataProviderClass[1](anata@gmail.com, Aa12345$)" classname="tests.LoginTest" time="0.601"/>
  <testcase name="loginTestDataProviderClass[2](anatan@gmail.com, Aa12345$)" classname="tests.LoginTest" time="0.63"/>
  <system-out><![CDATA[17:55:52 [Test worker] INFO  application.AppManager - Start in browser CHROME
17:55:54 [Test worker] INFO  tests.TestBase - Start method  --> loginTestBase
17:55:54 [Test worker] INFO  application.MyListener - Start find element by -->By.xpath: //*[.='Sign Out']
17:56:04 [Test worker] INFO  application.MyListener - The element -->By.xpath: //*[.='Sign Out']was found
17:56:04 [Test worker] INFO  application.MyListener - Start find element by -->By.xpath: //a[.='LOGIN']
17:56:04 [Test worker] INFO  application.MyListener - The element -->By.xpath: //a[.='LOGIN']was found
17:56:04 [Test worker] INFO  application.MyListener - Start find element by -->By.xpath: //input[@placeholder='Email']
17:56:04 [Test worker] INFO  application.MyListener - The element -->By.xpath: //input[@placeholder='Email']was found
17:56:04 [Test worker] INFO  application.MyListener - Start find element by -->By.xpath: //input[@placeholder='Password']
17:56:04 [Test worker] INFO  application.MyListener - The element -->By.xpath: //input[@placeholder='Password']was found
17:56:04 [Test worker] INFO  tests.TestBase - Login with --> email: "anat@gmail.com", password: "Aa12345$"
17:56:04 [Test worker] INFO  application.MyListener - Start find element by -->By.xpath: //button[.=' Login']
17:56:04 [Test worker] INFO  application.MyListener - The element -->By.xpath: //button[.=' Login']was found
17:56:04 [Test worker] INFO  application.MyListener - Start find element by -->By.xpath: //*[.='Sign Out']
17:56:05 [Test worker] INFO  application.MyListener - The element -->By.xpath: //*[.='Sign Out']was found
17:56:05 [Test worker] INFO  application.MyListener - Start find element by -->By.xpath: //*[.='Sign Out']
17:56:05 [Test worker] INFO  application.MyListener - The element -->By.xpath: //*[.='Sign Out']was found
17:56:05 [Test worker] INFO  tests.TestBase - End of method --> loginTestBase
17:56:05 [Test worker] INFO  tests.TestBase - Start method  --> loginTestDP_CSV
17:56:05 [Test worker] INFO  application.MyListener - Start find element by -->By.xpath: //*[.='Sign Out']
17:56:05 [Test worker] INFO  application.MyListener - The element -->By.xpath: //*[.='Sign Out']was found
17:56:05 [Test worker] INFO  application.MyListener - Start find element by -->By.xpath: //*[.='Sign Out']
17:56:05 [Test worker] INFO  application.MyListener - The element -->By.xpath: //*[.='Sign Out']was found
17:56:05 [Test worker] INFO  application.MyListener - Start find element by -->By.xpath: //a[.='LOGIN']
17:56:05 [Test worker] INFO  application.MyListener - The element -->By.xpath: //a[.='LOGIN']was found
17:56:05 [Test worker] INFO  application.MyListener - Start find element by -->By.xpath: //input[@placeholder='Email']
17:56:05 [Test worker] INFO  application.MyListener - The element -->By.xpath: //input[@placeholder='Email']was found
17:56:05 [Test worker] INFO  application.MyListener - Start find element by -->By.xpath: //input[@placeholder='Password']
17:56:05 [Test worker] INFO  application.MyListener - The element -->By.xpath: //input[@placeholder='Password']was found
17:56:06 [Test worker] INFO  tests.TestBase - Login with --> email: "anat@gmail.com", password: "Aa12345$"
17:56:06 [Test worker] INFO  application.MyListener - Start find element by -->By.xpath: //button[.=' Login']
17:56:06 [Test worker] INFO  application.MyListener - The element -->By.xpath: //button[.=' Login']was found
17:56:06 [Test worker] INFO  application.MyListener - Start find element by -->By.xpath: //*[.='Sign Out']
17:56:06 [Test worker] INFO  application.MyListener - The element -->By.xpath: //*[.='Sign Out']was found
17:56:06 [Test worker] INFO  application.MyListener - Start find element by -->By.xpath: //*[.='Sign Out']
17:56:06 [Test worker] INFO  application.MyListener - The element -->By.xpath: //*[.='Sign Out']was found
17:56:06 [Test worker] INFO  tests.TestBase - End of method --> loginTestDP_CSV
17:56:06 [Test worker] INFO  tests.TestBase - Start method  --> loginTestDP_CSV
17:56:06 [Test worker] INFO  application.MyListener - Start find element by -->By.xpath: //*[.='Sign Out']
17:56:06 [Test worker] INFO  application.MyListener - The element -->By.xpath: //*[.='Sign Out']was found
17:56:06 [Test worker] INFO  application.MyListener - Start find element by -->By.xpath: //*[.='Sign Out']
17:56:06 [Test worker] INFO  application.MyListener - The element -->By.xpath: //*[.='Sign Out']was found
17:56:06 [Test worker] INFO  application.MyListener - Start find element by -->By.xpath: //a[.='LOGIN']
17:56:06 [Test worker] INFO  application.MyListener - The element -->By.xpath: //a[.='LOGIN']was found
17:56:06 [Test worker] INFO  application.MyListener - Start find element by -->By.xpath: //input[@placeholder='Email']
17:56:06 [Test worker] INFO  application.MyListener - The element -->By.xpath: //input[@placeholder='Email']was found
17:56:06 [Test worker] INFO  application.MyListener - Start find element by -->By.xpath: //input[@placeholder='Password']
17:56:06 [Test worker] INFO  application.MyListener - The element -->By.xpath: //input[@placeholder='Password']was found
17:56:06 [Test worker] INFO  tests.TestBase - Login with --> email: "anata@gmail.com", password: "Aa12345$"
17:56:06 [Test worker] INFO  application.MyListener - Start find element by -->By.xpath: //button[.=' Login']
17:56:06 [Test worker] INFO  application.MyListener - The element -->By.xpath: //button[.=' Login']was found
17:56:06 [Test worker] INFO  application.MyListener - Start find element by -->By.xpath: //*[.='Sign Out']
17:56:06 [Test worker] INFO  application.MyListener - The element -->By.xpath: //*[.='Sign Out']was found
17:56:06 [Test worker] INFO  application.MyListener - Start find element by -->By.xpath: //*[.='Sign Out']
17:56:06 [Test worker] INFO  application.MyListener - The element -->By.xpath: //*[.='Sign Out']was found
17:56:06 [Test worker] INFO  tests.TestBase - End of method --> loginTestDP_CSV
17:56:06 [Test worker] INFO  tests.TestBase - Start method  --> loginTestDP_CSV
17:56:06 [Test worker] INFO  application.MyListener - Start find element by -->By.xpath: //*[.='Sign Out']
17:56:06 [Test worker] INFO  application.MyListener - The element -->By.xpath: //*[.='Sign Out']was found
17:56:06 [Test worker] INFO  application.MyListener - Start find element by -->By.xpath: //*[.='Sign Out']
17:56:06 [Test worker] INFO  application.MyListener - The element -->By.xpath: //*[.='Sign Out']was found
17:56:07 [Test worker] INFO  application.MyListener - Start find element by -->By.xpath: //a[.='LOGIN']
17:56:07 [Test worker] INFO  application.MyListener - The element -->By.xpath: //a[.='LOGIN']was found
17:56:07 [Test worker] INFO  application.MyListener - Start find element by -->By.xpath: //input[@placeholder='Email']
17:56:07 [Test worker] INFO  application.MyListener - The element -->By.xpath: //input[@placeholder='Email']was found
17:56:07 [Test worker] INFO  application.MyListener - Start find element by -->By.xpath: //input[@placeholder='Password']
17:56:07 [Test worker] INFO  application.MyListener - The element -->By.xpath: //input[@placeholder='Password']was found
17:56:07 [Test worker] INFO  tests.TestBase - Login with --> email: "anatan@gmail.com", password: "Aa12345$"
17:56:07 [Test worker] INFO  application.MyListener - Start find element by -->By.xpath: //button[.=' Login']
17:56:07 [Test worker] INFO  application.MyListener - The element -->By.xpath: //button[.=' Login']was found
17:56:07 [Test worker] INFO  application.MyListener - Start find element by -->By.xpath: //*[.='Sign Out']
17:56:07 [Test worker] INFO  application.MyListener - The element -->By.xpath: //*[.='Sign Out']was found
17:56:07 [Test worker] INFO  application.MyListener - Start find element by -->By.xpath: //*[.='Sign Out']
17:56:07 [Test worker] INFO  application.MyListener - The element -->By.xpath: //*[.='Sign Out']was found
17:56:07 [Test worker] INFO  tests.TestBase - End of method --> loginTestDP_CSV
17:56:07 [Test worker] INFO  tests.TestBase - Start method  --> loginTestDataProviderClass
17:56:07 [Test worker] INFO  application.MyListener - Start find element by -->By.xpath: //*[.='Sign Out']
17:56:07 [Test worker] INFO  application.MyListener - The element -->By.xpath: //*[.='Sign Out']was found
17:56:07 [Test worker] INFO  application.MyListener - Start find element by -->By.xpath: //*[.='Sign Out']
17:56:07 [Test worker] INFO  application.MyListener - The element -->By.xpath: //*[.='Sign Out']was found
17:56:07 [Test worker] INFO  application.MyListener - Start find element by -->By.xpath: //a[.='LOGIN']
17:56:07 [Test worker] INFO  application.MyListener - The element -->By.xpath: //a[.='LOGIN']was found
17:56:07 [Test worker] INFO  application.MyListener - Start find element by -->By.xpath: //input[@placeholder='Email']
17:56:07 [Test worker] INFO  application.MyListener - The element -->By.xpath: //input[@placeholder='Email']was found
17:56:07 [Test worker] INFO  application.MyListener - Start find element by -->By.xpath: //input[@placeholder='Password']
17:56:07 [Test worker] INFO  application.MyListener - The element -->By.xpath: //input[@placeholder='Password']was found
17:56:08 [Test worker] INFO  application.MyListener - Start find element by -->By.xpath: //button[.=' Login']
17:56:08 [Test worker] INFO  application.MyListener - The element -->By.xpath: //button[.=' Login']was found
17:56:08 [Test worker] INFO  application.MyListener - Start find element by -->By.xpath: //a[.='CONTACTS']
17:56:08 [Test worker] INFO  application.MyListener - The element -->By.xpath: //a[.='CONTACTS']was found
17:56:08 [Test worker] INFO  application.MyListener - Start find element by -->By.xpath: //*[.='Sign Out']
17:56:08 [Test worker] INFO  application.MyListener - The element -->By.xpath: //*[.='Sign Out']was found
17:56:08 [Test worker] INFO  tests.TestBase - End of method --> loginTestDataProviderClass
17:56:08 [Test worker] INFO  tests.TestBase - Start method  --> loginTestDataProviderClass
17:56:08 [Test worker] INFO  application.MyListener - Start find element by -->By.xpath: //*[.='Sign Out']
17:56:08 [Test worker] INFO  application.MyListener - The element -->By.xpath: //*[.='Sign Out']was found
17:56:08 [Test worker] INFO  application.MyListener - Start find element by -->By.xpath: //*[.='Sign Out']
17:56:08 [Test worker] INFO  application.MyListener - The element -->By.xpath: //*[.='Sign Out']was found
17:56:08 [Test worker] INFO  application.MyListener - Start find element by -->By.xpath: //a[.='LOGIN']
17:56:08 [Test worker] INFO  application.MyListener - The element -->By.xpath: //a[.='LOGIN']was found
17:56:08 [Test worker] INFO  application.MyListener - Start find element by -->By.xpath: //input[@placeholder='Email']
17:56:08 [Test worker] INFO  application.MyListener - The element -->By.xpath: //input[@placeholder='Email']was found
17:56:08 [Test worker] INFO  application.MyListener - Start find element by -->By.xpath: //input[@placeholder='Password']
17:56:08 [Test worker] INFO  application.MyListener - The element -->By.xpath: //input[@placeholder='Password']was found
17:56:08 [Test worker] INFO  application.MyListener - Start find element by -->By.xpath: //button[.=' Login']
17:56:08 [Test worker] INFO  application.MyListener - The element -->By.xpath: //button[.=' Login']was found
17:56:08 [Test worker] INFO  application.MyListener - Start find element by -->By.xpath: //a[.='CONTACTS']
17:56:08 [Test worker] INFO  application.MyListener - The element -->By.xpath: //a[.='CONTACTS']was found
17:56:08 [Test worker] INFO  application.MyListener - Start find element by -->By.xpath: //*[.='Sign Out']
17:56:09 [Test worker] INFO  application.MyListener - The element -->By.xpath: //*[.='Sign Out']was found
17:56:09 [Test worker] INFO  tests.TestBase - End of method --> loginTestDataProviderClass
17:56:09 [Test worker] INFO  tests.TestBase - Start method  --> loginTestDataProviderClass
17:56:09 [Test worker] INFO  application.MyListener - Start find element by -->By.xpath: //*[.='Sign Out']
17:56:09 [Test worker] INFO  application.MyListener - The element -->By.xpath: //*[.='Sign Out']was found
17:56:09 [Test worker] INFO  application.MyListener - Start find element by -->By.xpath: //*[.='Sign Out']
17:56:09 [Test worker] INFO  application.MyListener - The element -->By.xpath: //*[.='Sign Out']was found
17:56:09 [Test worker] INFO  application.MyListener - Start find element by -->By.xpath: //a[.='LOGIN']
17:56:09 [Test worker] INFO  application.MyListener - The element -->By.xpath: //a[.='LOGIN']was found
17:56:09 [Test worker] INFO  application.MyListener - Start find element by -->By.xpath: //input[@placeholder='Email']
17:56:09 [Test worker] INFO  application.MyListener - The element -->By.xpath: //input[@placeholder='Email']was found
17:56:09 [Test worker] INFO  application.MyListener - Start find element by -->By.xpath: //input[@placeholder='Password']
17:56:09 [Test worker] INFO  application.MyListener - The element -->By.xpath: //input[@placeholder='Password']was found
17:56:09 [Test worker] INFO  application.MyListener - Start find element by -->By.xpath: //button[.=' Login']
17:56:09 [Test worker] INFO  application.MyListener - The element -->By.xpath: //button[.=' Login']was found
17:56:09 [Test worker] INFO  application.MyListener - Start find element by -->By.xpath: //a[.='CONTACTS']
17:56:09 [Test worker] INFO  application.MyListener - The element -->By.xpath: //a[.='CONTACTS']was found
17:56:09 [Test worker] INFO  application.MyListener - Start find element by -->By.xpath: //*[.='Sign Out']
17:56:09 [Test worker] INFO  application.MyListener - The element -->By.xpath: //*[.='Sign Out']was found
17:56:09 [Test worker] INFO  tests.TestBase - End of method --> loginTestDataProviderClass
]]></system-out>
  <system-err><![CDATA[Starting ChromeDriver 92.0.4515.107 (87a818b10553a07434ea9e2b6dccf3cbe7895134-refs/branch-heads/4515@{#1634}) on port 48109
Only local connections are allowed.
Please see https://chromedriver.chromium.org/security-considerations for suggestions on keeping ChromeDriver safe.
ChromeDriver was started successfully.
Aug 12, 2021 5:55:52 PM org.openqa.selenium.remote.ProtocolHandshake createSession
INFO: Detected dialect: W3C
]]></system-err>
</testsuite>
