<?xml version="1.0" encoding="UTF-8"?>
<testsuite name="tests.RemoveContactTest" tests="2" skipped="0" failures="0" errors="0" timestamp="2021-08-12T14:56:32" hostname="WIN-VLIAFR1P8UG" time="36.182">
  <properties/>
  <testcase name="removeAllContacts" classname="tests.RemoveContactTest" time="22.356"/>
  <testcase name="removeOneContact" classname="tests.RemoveContactTest" time="12.228"/>
  <system-out><![CDATA[17:56:16 [Test worker] INFO  application.AppManager - Start in browser CHROME
17:56:19 [Test worker] INFO  tests.TestBase - Start method  --> removeAllContacts
17:56:19 [Test worker] INFO  application.MyListener - Start find element by -->By.xpath: //*[.='Sign Out']
17:56:29 [Test worker] INFO  application.MyListener - The element -->By.xpath: //*[.='Sign Out']was found
17:56:29 [Test worker] INFO  application.MyListener - Start find element by -->By.xpath: //a[.='LOGIN']
17:56:29 [Test worker] INFO  application.MyListener - The element -->By.xpath: //a[.='LOGIN']was found
17:56:29 [Test worker] INFO  application.MyListener - Start find element by -->By.xpath: //input[@placeholder='Email']
17:56:29 [Test worker] INFO  application.MyListener - The element -->By.xpath: //input[@placeholder='Email']was found
17:56:29 [Test worker] INFO  application.MyListener - Start find element by -->By.xpath: //input[@placeholder='Password']
17:56:29 [Test worker] INFO  application.MyListener - The element -->By.xpath: //input[@placeholder='Password']was found
17:56:29 [Test worker] INFO  application.MyListener - Start find element by -->By.xpath: //button[.=' Login']
17:56:29 [Test worker] INFO  application.MyListener - The element -->By.xpath: //button[.=' Login']was found
17:56:29 [Test worker] INFO  application.MyListener - Start find element by -->By.xpath: //*[.='ADD']
17:56:30 [Test worker] INFO  application.MyListener - The element -->By.xpath: //*[.='ADD']was found
17:56:30 [Test worker] INFO  application.MyListener - Start find element by -->By.xpath: //a[.='ADD']
17:56:30 [Test worker] INFO  application.MyListener - The element -->By.xpath: //a[.='ADD']was found
17:56:30 [Test worker] INFO  application.MyListener - Start find element by -->By.cssSelector: [placeholder='Name']
17:56:30 [Test worker] INFO  application.MyListener - The element -->By.cssSelector: [placeholder='Name']was found
17:56:30 [Test worker] INFO  application.MyListener - Start find element by -->By.cssSelector: [placeholder='Last Name']
17:56:30 [Test worker] INFO  application.MyListener - The element -->By.cssSelector: [placeholder='Last Name']was found
17:56:30 [Test worker] INFO  application.MyListener - Start find element by -->By.cssSelector: [placeholder='Phone']
17:56:30 [Test worker] INFO  application.MyListener - The element -->By.cssSelector: [placeholder='Phone']was found
17:56:31 [Test worker] INFO  application.MyListener - Start find element by -->By.cssSelector: [placeholder='email']
17:56:31 [Test worker] INFO  application.MyListener - The element -->By.cssSelector: [placeholder='email']was found
17:56:31 [Test worker] INFO  application.MyListener - Start find element by -->By.cssSelector: [placeholder='Address']
17:56:31 [Test worker] INFO  application.MyListener - The element -->By.cssSelector: [placeholder='Address']was found
17:56:31 [Test worker] INFO  application.MyListener - Start find element by -->By.cssSelector: [placeholder='description']
17:56:31 [Test worker] INFO  application.MyListener - The element -->By.cssSelector: [placeholder='description']was found
17:56:31 [Test worker] INFO  application.MyListener - Start find element by -->By.xpath: //b[.='Save']
17:56:31 [Test worker] INFO  application.MyListener - The element -->By.xpath: //b[.='Save']was found
17:56:31 [Test worker] INFO  application.MyListener - Start find element by -->By.xpath: //h3
17:56:32 [Test worker] INFO  application.MyListener - The element -->By.xpath: //h3was found
123456339017:56:32 [Test worker] INFO  application.MyListener - Start find element by -->By.cssSelector: .contact-item_card__2SOIM
17:56:32 [Test worker] INFO  application.MyListener - The element -->By.cssSelector: .contact-item_card__2SOIMwas found
17:56:32 [Test worker] INFO  application.MyListener - Start find element by -->By.cssSelector: .contact-item_card__2SOIM
17:56:32 [Test worker] INFO  application.MyListener - The element -->By.cssSelector: .contact-item_card__2SOIMwas found
17:56:32 [Test worker] INFO  application.MyListener - Start find element by -->By.cssSelector: .contact-item_card__2SOIM
17:56:32 [Test worker] INFO  application.MyListener - The element -->By.cssSelector: .contact-item_card__2SOIMwas found
17:56:32 [Test worker] INFO  application.MyListener - Start find element by -->By.cssSelector: .contact-item_card__2SOIM
17:56:32 [Test worker] INFO  application.MyListener - The element -->By.cssSelector: .contact-item_card__2SOIMwas found
17:56:32 [Test worker] INFO  application.MyListener - Start find element by -->By.xpath: //button[.='Remove']
17:56:32 [Test worker] INFO  application.MyListener - The element -->By.xpath: //button[.='Remove']was found
17:56:34 [Test worker] INFO  application.MyListener - Start find element by -->By.cssSelector: .contact-item_card__2SOIM
17:56:44 [Test worker] INFO  application.MyListener - The element -->By.cssSelector: .contact-item_card__2SOIMwas found
17:56:44 [Test worker] INFO  application.MyListener - Start find element by -->By.cssSelector: .contact-item_card__2SOIM
17:56:54 [Test worker] INFO  application.MyListener - The element -->By.cssSelector: .contact-item_card__2SOIMwas found
17:56:54 [Test worker] INFO  tests.TestBase - End of method --> removeAllContacts
17:56:54 [Test worker] INFO  tests.TestBase - Start method  --> removeOneContact
17:56:54 [Test worker] INFO  application.MyListener - Start find element by -->By.xpath: //*[.='Sign Out']
17:56:54 [Test worker] INFO  application.MyListener - The element -->By.xpath: //*[.='Sign Out']was found
17:56:54 [Test worker] INFO  application.MyListener - Start find element by -->By.xpath: //a[.='ADD']
17:56:54 [Test worker] INFO  application.MyListener - The element -->By.xpath: //a[.='ADD']was found
17:56:54 [Test worker] INFO  application.MyListener - Start find element by -->By.cssSelector: [placeholder='Name']
17:56:54 [Test worker] INFO  application.MyListener - The element -->By.cssSelector: [placeholder='Name']was found
17:56:54 [Test worker] INFO  application.MyListener - Start find element by -->By.cssSelector: [placeholder='Last Name']
17:56:54 [Test worker] INFO  application.MyListener - The element -->By.cssSelector: [placeholder='Last Name']was found
17:56:55 [Test worker] INFO  application.MyListener - Start find element by -->By.cssSelector: [placeholder='Phone']
17:56:55 [Test worker] INFO  application.MyListener - The element -->By.cssSelector: [placeholder='Phone']was found
17:56:55 [Test worker] INFO  application.MyListener - Start find element by -->By.cssSelector: [placeholder='email']
17:56:55 [Test worker] INFO  application.MyListener - The element -->By.cssSelector: [placeholder='email']was found
17:56:55 [Test worker] INFO  application.MyListener - Start find element by -->By.cssSelector: [placeholder='Address']
17:56:55 [Test worker] INFO  application.MyListener - The element -->By.cssSelector: [placeholder='Address']was found
17:56:55 [Test worker] INFO  application.MyListener - Start find element by -->By.cssSelector: [placeholder='description']
17:56:55 [Test worker] INFO  application.MyListener - The element -->By.cssSelector: [placeholder='description']was found
17:56:55 [Test worker] INFO  application.MyListener - Start find element by -->By.xpath: //b[.='Save']
17:56:55 [Test worker] INFO  application.MyListener - The element -->By.xpath: //b[.='Save']was found
17:56:55 [Test worker] INFO  application.MyListener - Start find element by -->By.xpath: //h3
17:56:56 [Test worker] INFO  application.MyListener - The element -->By.xpath: //h3was found
123456341417:56:56 [Test worker] INFO  application.MyListener - Start find element by -->By.cssSelector: .contact-item_card__2SOIM
17:56:56 [Test worker] INFO  application.MyListener - The element -->By.cssSelector: .contact-item_card__2SOIMwas found
17:56:56 [Test worker] INFO  application.MyListener - Start find element by -->By.cssSelector: .contact-item_card__2SOIM
17:56:56 [Test worker] INFO  application.MyListener - The element -->By.cssSelector: .contact-item_card__2SOIMwas found
17:56:56 [Test worker] INFO  application.MyListener - Start find element by -->By.xpath: //button[.='Remove']
17:56:56 [Test worker] INFO  application.MyListener - The element -->By.xpath: //button[.='Remove']was found
17:56:58 [Test worker] INFO  application.MyListener - Start find element by -->By.cssSelector: .contact-item_card__2SOIM
17:57:08 [Test worker] INFO  application.MyListener - The element -->By.cssSelector: .contact-item_card__2SOIMwas found
17:57:08 [Test worker] INFO  tests.TestBase - End of method --> removeOneContact
]]></system-out>
  <system-err><![CDATA[Starting ChromeDriver 92.0.4515.107 (87a818b10553a07434ea9e2b6dccf3cbe7895134-refs/branch-heads/4515@{#1634}) on port 45621
Only local connections are allowed.
Please see https://chromedriver.chromium.org/security-considerations for suggestions on keeping ChromeDriver safe.
ChromeDriver was started successfully.
Aug 12, 2021 5:56:16 PM org.openqa.selenium.remote.ProtocolHandshake createSession
INFO: Detected dialect: W3C
]]></system-err>
</testsuite>
