<?xml version="1.0" encoding="UTF-8"?>
<testsuite name="tests.LoginTest" tests="7" skipped="0" failures="0" errors="0" timestamp="2021-08-20T10:30:03" hostname="WIN-VLIAFR1P8UG" time="5.861">
  <properties/>
  <testcase name="loginTestBase" classname="tests.LoginTest" time="1.888"/>
  <testcase name="loginTestDP_CSV[0](models.User@22e5bc3b)" classname="tests.LoginTest" time="0.616"/>
  <testcase name="loginTestDP_CSV[1](models.User@1b240805)" classname="tests.LoginTest" time="0.568"/>
  <testcase name="loginTestDP_CSV[2](models.User@1af6a45c)" classname="tests.LoginTest" time="0.589"/>
  <testcase name="loginTestDataProviderClass[0](anat@gmail.com, Aa12345$)" classname="tests.LoginTest" time="0.574"/>
  <testcase name="loginTestDataProviderClass[1](anata@gmail.com, Aa12345$)" classname="tests.LoginTest" time="0.594"/>
  <testcase name="loginTestDataProviderClass[2](anatan@gmail.com, Aa12345$)" classname="tests.LoginTest" time="0.551"/>
  <system-out><![CDATA[13:29:52 [Test worker] INFO  application.AppManager - Start in browser CHROME
13:29:53 [Test worker] INFO  tests.TestBase - Start method  --> loginTestBase
13:29:53 [Test worker] INFO  application.MyListener - Start find element by -->By.xpath: //*[.='Sign Out']
13:30:03 [Test worker] INFO  application.MyListener - The element -->By.xpath: //*[.='Sign Out']was found
13:30:03 [Test worker] INFO  application.MyListener - Start find element by -->By.xpath: //a[.='LOGIN']
13:30:03 [Test worker] INFO  application.MyListener - The element -->By.xpath: //a[.='LOGIN']was found
13:30:03 [Test worker] INFO  application.MyListener - Start find element by -->By.xpath: //input[@placeholder='Email']
13:30:03 [Test worker] INFO  application.MyListener - The element -->By.xpath: //input[@placeholder='Email']was found
13:30:04 [Test worker] INFO  application.MyListener - Start find element by -->By.xpath: //input[@placeholder='Password']
13:30:04 [Test worker] INFO  application.MyListener - The element -->By.xpath: //input[@placeholder='Password']was found
13:30:04 [Test worker] INFO  tests.TestBase - Login with --> email: "anat@gmail.com", password: "Aa12345$"
13:30:04 [Test worker] INFO  application.MyListener - Start find element by -->By.xpath: //button[.=' Login']
13:30:04 [Test worker] INFO  application.MyListener - The element -->By.xpath: //button[.=' Login']was found
13:30:04 [Test worker] INFO  application.MyListener - Start find element by -->By.xpath: //*[.='Sign Out']
13:30:05 [Test worker] INFO  application.MyListener - The element -->By.xpath: //*[.='Sign Out']was found
13:30:05 [Test worker] INFO  application.MyListener - Start find element by -->By.xpath: //*[.='Sign Out']
13:30:05 [Test worker] INFO  application.MyListener - The element -->By.xpath: //*[.='Sign Out']was found
13:30:05 [Test worker] INFO  tests.TestBase - End of method --> loginTestBase
13:30:05 [Test worker] INFO  tests.TestBase - Start method  --> loginTestDP_CSV
13:30:05 [Test worker] INFO  application.MyListener - Start find element by -->By.xpath: //*[.='Sign Out']
13:30:05 [Test worker] INFO  application.MyListener - The element -->By.xpath: //*[.='Sign Out']was found
13:30:05 [Test worker] INFO  application.MyListener - Start find element by -->By.xpath: //*[.='Sign Out']
13:30:05 [Test worker] INFO  application.MyListener - The element -->By.xpath: //*[.='Sign Out']was found
13:30:05 [Test worker] INFO  application.MyListener - Start find element by -->By.xpath: //a[.='LOGIN']
13:30:05 [Test worker] INFO  application.MyListener - The element -->By.xpath: //a[.='LOGIN']was found
13:30:05 [Test worker] INFO  application.MyListener - Start find element by -->By.xpath: //input[@placeholder='Email']
13:30:05 [Test worker] INFO  application.MyListener - The element -->By.xpath: //input[@placeholder='Email']was found
13:30:05 [Test worker] INFO  application.MyListener - Start find element by -->By.xpath: //input[@placeholder='Password']
13:30:05 [Test worker] INFO  application.MyListener - The element -->By.xpath: //input[@placeholder='Password']was found
13:30:05 [Test worker] INFO  tests.TestBase - Login with --> email: "anat@gmail.com", password: "Aa12345$"
13:30:05 [Test worker] INFO  application.MyListener - Start find element by -->By.xpath: //button[.=' Login']
13:30:05 [Test worker] INFO  application.MyListener - The element -->By.xpath: //button[.=' Login']was found
13:30:06 [Test worker] INFO  application.MyListener - Start find element by -->By.xpath: //*[.='Sign Out']
13:30:06 [Test worker] INFO  application.MyListener - The element -->By.xpath: //*[.='Sign Out']was found
13:30:06 [Test worker] INFO  application.MyListener - Start find element by -->By.xpath: //*[.='Sign Out']
13:30:06 [Test worker] INFO  application.MyListener - The element -->By.xpath: //*[.='Sign Out']was found
13:30:06 [Test worker] INFO  tests.TestBase - End of method --> loginTestDP_CSV
13:30:06 [Test worker] INFO  tests.TestBase - Start method  --> loginTestDP_CSV
13:30:06 [Test worker] INFO  application.MyListener - Start find element by -->By.xpath: //*[.='Sign Out']
13:30:06 [Test worker] INFO  application.MyListener - The element -->By.xpath: //*[.='Sign Out']was found
13:30:06 [Test worker] INFO  application.MyListener - Start find element by -->By.xpath: //*[.='Sign Out']
13:30:06 [Test worker] INFO  application.MyListener - The element -->By.xpath: //*[.='Sign Out']was found
13:30:06 [Test worker] INFO  application.MyListener - Start find element by -->By.xpath: //a[.='LOGIN']
13:30:06 [Test worker] INFO  application.MyListener - The element -->By.xpath: //a[.='LOGIN']was found
13:30:06 [Test worker] INFO  application.MyListener - Start find element by -->By.xpath: //input[@placeholder='Email']
13:30:06 [Test worker] INFO  application.MyListener - The element -->By.xpath: //input[@placeholder='Email']was found
13:30:06 [Test worker] INFO  application.MyListener - Start find element by -->By.xpath: //input[@placeholder='Password']
13:30:06 [Test worker] INFO  application.MyListener - The element -->By.xpath: //input[@placeholder='Password']was found
13:30:06 [Test worker] INFO  tests.TestBase - Login with --> email: "anata@gmail.com", password: "Aa12345$"
13:30:06 [Test worker] INFO  application.MyListener - Start find element by -->By.xpath: //button[.=' Login']
13:30:06 [Test worker] INFO  application.MyListener - The element -->By.xpath: //button[.=' Login']was found
13:30:06 [Test worker] INFO  application.MyListener - Start find element by -->By.xpath: //*[.='Sign Out']
13:30:06 [Test worker] INFO  application.MyListener - The element -->By.xpath: //*[.='Sign Out']was found
13:30:06 [Test worker] INFO  application.MyListener - Start find element by -->By.xpath: //*[.='Sign Out']
13:30:06 [Test worker] INFO  application.MyListener - The element -->By.xpath: //*[.='Sign Out']was found
13:30:06 [Test worker] INFO  tests.TestBase - End of method --> loginTestDP_CSV
13:30:06 [Test worker] INFO  tests.TestBase - Start method  --> loginTestDP_CSV
13:30:06 [Test worker] INFO  application.MyListener - Start find element by -->By.xpath: //*[.='Sign Out']
13:30:06 [Test worker] INFO  application.MyListener - The element -->By.xpath: //*[.='Sign Out']was found
13:30:06 [Test worker] INFO  application.MyListener - Start find element by -->By.xpath: //*[.='Sign Out']
13:30:06 [Test worker] INFO  application.MyListener - The element -->By.xpath: //*[.='Sign Out']was found
13:30:06 [Test worker] INFO  application.MyListener - Start find element by -->By.xpath: //a[.='LOGIN']
13:30:06 [Test worker] INFO  application.MyListener - The element -->By.xpath: //a[.='LOGIN']was found
13:30:07 [Test worker] INFO  application.MyListener - Start find element by -->By.xpath: //input[@placeholder='Email']
13:30:07 [Test worker] INFO  application.MyListener - The element -->By.xpath: //input[@placeholder='Email']was found
13:30:07 [Test worker] INFO  application.MyListener - Start find element by -->By.xpath: //input[@placeholder='Password']
13:30:07 [Test worker] INFO  application.MyListener - The element -->By.xpath: //input[@placeholder='Password']was found
13:30:07 [Test worker] INFO  tests.TestBase - Login with --> email: "anatan@gmail.com", password: "Aa12345$"
13:30:07 [Test worker] INFO  application.MyListener - Start find element by -->By.xpath: //button[.=' Login']
13:30:07 [Test worker] INFO  application.MyListener - The element -->By.xpath: //button[.=' Login']was found
13:30:07 [Test worker] INFO  application.MyListener - Start find element by -->By.xpath: //*[.='Sign Out']
13:30:07 [Test worker] INFO  application.MyListener - The element -->By.xpath: //*[.='Sign Out']was found
13:30:07 [Test worker] INFO  application.MyListener - Start find element by -->By.xpath: //*[.='Sign Out']
13:30:07 [Test worker] INFO  application.MyListener - The element -->By.xpath: //*[.='Sign Out']was found
13:30:07 [Test worker] INFO  tests.TestBase - End of method --> loginTestDP_CSV
13:30:07 [Test worker] INFO  tests.TestBase - Start method  --> loginTestDataProviderClass
13:30:07 [Test worker] INFO  application.MyListener - Start find element by -->By.xpath: //*[.='Sign Out']
13:30:07 [Test worker] INFO  application.MyListener - The element -->By.xpath: //*[.='Sign Out']was found
13:30:07 [Test worker] INFO  application.MyListener - Start find element by -->By.xpath: //*[.='Sign Out']
13:30:07 [Test worker] INFO  application.MyListener - The element -->By.xpath: //*[.='Sign Out']was found
13:30:07 [Test worker] INFO  application.MyListener - Start find element by -->By.xpath: //a[.='LOGIN']
13:30:07 [Test worker] INFO  application.MyListener - The element -->By.xpath: //a[.='LOGIN']was found
13:30:07 [Test worker] INFO  application.MyListener - Start find element by -->By.xpath: //input[@placeholder='Email']
13:30:07 [Test worker] INFO  application.MyListener - The element -->By.xpath: //input[@placeholder='Email']was found
13:30:07 [Test worker] INFO  application.MyListener - Start find element by -->By.xpath: //input[@placeholder='Password']
13:30:07 [Test worker] INFO  application.MyListener - The element -->By.xpath: //input[@placeholder='Password']was found
13:30:07 [Test worker] INFO  application.MyListener - Start find element by -->By.xpath: //button[.=' Login']
13:30:07 [Test worker] INFO  application.MyListener - The element -->By.xpath: //button[.=' Login']was found
13:30:08 [Test worker] INFO  application.MyListener - Start find element by -->By.xpath: //a[.='CONTACTS']
13:30:08 [Test worker] INFO  application.MyListener - The element -->By.xpath: //a[.='CONTACTS']was found
13:30:08 [Test worker] INFO  application.MyListener - Start find element by -->By.xpath: //*[.='Sign Out']
13:30:08 [Test worker] INFO  application.MyListener - The element -->By.xpath: //*[.='Sign Out']was found
13:30:08 [Test worker] INFO  tests.TestBase - End of method --> loginTestDataProviderClass
13:30:08 [Test worker] INFO  tests.TestBase - Start method  --> loginTestDataProviderClass
13:30:08 [Test worker] INFO  application.MyListener - Start find element by -->By.xpath: //*[.='Sign Out']
13:30:08 [Test worker] INFO  application.MyListener - The element -->By.xpath: //*[.='Sign Out']was found
13:30:08 [Test worker] INFO  application.MyListener - Start find element by -->By.xpath: //*[.='Sign Out']
13:30:08 [Test worker] INFO  application.MyListener - The element -->By.xpath: //*[.='Sign Out']was found
13:30:08 [Test worker] INFO  application.MyListener - Start find element by -->By.xpath: //a[.='LOGIN']
13:30:08 [Test worker] INFO  application.MyListener - The element -->By.xpath: //a[.='LOGIN']was found
13:30:08 [Test worker] INFO  application.MyListener - Start find element by -->By.xpath: //input[@placeholder='Email']
13:30:08 [Test worker] INFO  application.MyListener - The element -->By.xpath: //input[@placeholder='Email']was found
13:30:08 [Test worker] INFO  application.MyListener - Start find element by -->By.xpath: //input[@placeholder='Password']
13:30:08 [Test worker] INFO  application.MyListener - The element -->By.xpath: //input[@placeholder='Password']was found
13:30:08 [Test worker] INFO  application.MyListener - Start find element by -->By.xpath: //button[.=' Login']
13:30:08 [Test worker] INFO  application.MyListener - The element -->By.xpath: //button[.=' Login']was found
13:30:08 [Test worker] INFO  application.MyListener - Start find element by -->By.xpath: //a[.='CONTACTS']
13:30:08 [Test worker] INFO  application.MyListener - The element -->By.xpath: //a[.='CONTACTS']was found
13:30:08 [Test worker] INFO  application.MyListener - Start find element by -->By.xpath: //*[.='Sign Out']
13:30:08 [Test worker] INFO  application.MyListener - The element -->By.xpath: //*[.='Sign Out']was found
13:30:08 [Test worker] INFO  tests.TestBase - End of method --> loginTestDataProviderClass
13:30:08 [Test worker] INFO  tests.TestBase - Start method  --> loginTestDataProviderClass
13:30:08 [Test worker] INFO  application.MyListener - Start find element by -->By.xpath: //*[.='Sign Out']
13:30:08 [Test worker] INFO  application.MyListener - The element -->By.xpath: //*[.='Sign Out']was found
13:30:08 [Test worker] INFO  application.MyListener - Start find element by -->By.xpath: //*[.='Sign Out']
13:30:08 [Test worker] INFO  application.MyListener - The element -->By.xpath: //*[.='Sign Out']was found
13:30:08 [Test worker] INFO  application.MyListener - Start find element by -->By.xpath: //a[.='LOGIN']
13:30:08 [Test worker] INFO  application.MyListener - The element -->By.xpath: //a[.='LOGIN']was found
13:30:08 [Test worker] INFO  application.MyListener - Start find element by -->By.xpath: //input[@placeholder='Email']
13:30:09 [Test worker] INFO  application.MyListener - The element -->By.xpath: //input[@placeholder='Email']was found
13:30:09 [Test worker] INFO  application.MyListener - Start find element by -->By.xpath: //input[@placeholder='Password']
13:30:09 [Test worker] INFO  application.MyListener - The element -->By.xpath: //input[@placeholder='Password']was found
13:30:09 [Test worker] INFO  application.MyListener - Start find element by -->By.xpath: //button[.=' Login']
13:30:09 [Test worker] INFO  application.MyListener - The element -->By.xpath: //button[.=' Login']was found
13:30:09 [Test worker] INFO  application.MyListener - Start find element by -->By.xpath: //a[.='CONTACTS']
13:30:09 [Test worker] INFO  application.MyListener - The element -->By.xpath: //a[.='CONTACTS']was found
13:30:09 [Test worker] INFO  application.MyListener - Start find element by -->By.xpath: //*[.='Sign Out']
13:30:09 [Test worker] INFO  application.MyListener - The element -->By.xpath: //*[.='Sign Out']was found
13:30:09 [Test worker] INFO  tests.TestBase - End of method --> loginTestDataProviderClass
]]></system-out>
  <system-err><![CDATA[Starting ChromeDriver 92.0.4515.107 (87a818b10553a07434ea9e2b6dccf3cbe7895134-refs/branch-heads/4515@{#1634}) on port 19596
Only local connections are allowed.
Please see https://chromedriver.chromium.org/security-considerations for suggestions on keeping ChromeDriver safe.
ChromeDriver was started successfully.
Aug 20, 2021 1:29:52 PM org.openqa.selenium.remote.ProtocolHandshake createSession
INFO: Detected dialect: W3C
]]></system-err>
</testsuite>
