<?xml version="1.0" encoding="UTF-8"?>
<testsuite name="tests.QuickTest" tests="1" skipped="0" failures="0" errors="0" timestamp="2022-02-07T21:25:53" hostname="WIN-VLIAFR1P8UG" time="0.0">
  <properties/>
  <testcase name="quicktest" classname="tests.QuickTest" time="0.0"/>
  <system-out><![CDATA[Im Quick test
]]></system-out>
  <system-err><![CDATA[]]></system-err>
</testsuite>
