<?xml version="1.0" encoding="UTF-8"?>
<testsuite name="tests.SmokeTest" tests="1" skipped="0" failures="0" errors="0" timestamp="2021-08-20T11:11:48" hostname="WIN-VLIAFR1P8UG" time="0.016">
  <properties/>
  <testcase name="smokeTest" classname="tests.SmokeTest" time="0.016"/>
  <system-out><![CDATA[14:11:39 [Test worker] INFO  application.AppManager - Start in browser CHROME
14:11:48 [Test worker] INFO  tests.TestBase - Start method  --> smokeTest
Im Smoke Test 
14:11:48 [Test worker] INFO  tests.TestBase - End of method --> smokeTest
]]></system-out>
  <system-err><![CDATA[Starting ChromeDriver 92.0.4515.107 (87a818b10553a07434ea9e2b6dccf3cbe7895134-refs/branch-heads/4515@{#1634}) on port 21323
Only local connections are allowed.
Please see https://chromedriver.chromium.org/security-considerations for suggestions on keeping ChromeDriver safe.
ChromeDriver was started successfully.
Aug 20, 2021 2:11:39 PM org.openqa.selenium.remote.ProtocolHandshake createSession
INFO: Detected dialect: W3C
]]></system-err>
</testsuite>
