<?xml version="1.0" encoding="UTF-8"?>
<testsuite name="tests.LoginTest" tests="8" skipped="0" failures="0" errors="0" timestamp="2022-02-15T00:57:37" hostname="WIN-VLIAFR1P8UG" time="24.299">
  <properties/>
  <testcase name="loginTestBase" classname="tests.LoginTest" time="2.282"/>
  <testcase name="loginTestDP_CSV[0](models.User@5a0f15cd)" classname="tests.LoginTest" time="1.219"/>
  <testcase name="loginTestDP_CSV[1](models.User@2cdd1cd2)" classname="tests.LoginTest" time="1.201"/>
  <testcase name="loginTestDP_CSV[2](models.User@701dc5b1)" classname="tests.LoginTest" time="2.389"/>
  <testcase name="loginTestDataProviderClass[0](anat@gmail.com, Aa12345$)" classname="tests.LoginTest" time="1.171"/>
  <testcase name="loginTestDataProviderClass[1](anata@gmail.com, Aa12345$)" classname="tests.LoginTest" time="1.231"/>
  <testcase name="loginTestDataProviderClass[2](anatan@gmail.com, Aa12345$)" classname="tests.LoginTest" time="1.221"/>
  <testcase name="loginTestWithInvalidPassword" classname="tests.LoginTest" time="11.734"/>
  <system-out><![CDATA[02:57:27 INFO  tests.TestBase - Start method  --> loginTestBase
02:57:27 INFO  application.MyListener - Start find element by -->By.xpath: //*[.='Sign Out']
02:57:37 INFO  application.MyListener - The element -->By.xpath: //*[.='Sign Out']was found
02:57:37 INFO  application.MyListener - Start find element by -->By.xpath: //a[.='LOGIN']
02:57:37 INFO  application.MyListener - The element -->By.xpath: //a[.='LOGIN']was found
02:57:37 INFO  application.MyListener - Start find element by -->By.xpath: //input[@placeholder='Email']
02:57:37 INFO  application.MyListener - The element -->By.xpath: //input[@placeholder='Email']was found
02:57:38 INFO  application.MyListener - Start find element by -->By.xpath: //input[@placeholder='Password']
02:57:38 INFO  application.MyListener - The element -->By.xpath: //input[@placeholder='Password']was found
02:57:38 INFO  tests.TestBase - Login with --> email: "anat@gmail.com", password: "Aa12345$"
02:57:38 INFO  application.MyListener - Start find element by -->By.xpath: //button[.=' Login']
02:57:38 INFO  application.MyListener - The element -->By.xpath: //button[.=' Login']was found
02:57:38 INFO  application.MyListener - Start find element by -->By.xpath: //*[.='Sign Out']
02:57:39 INFO  application.MyListener - The element -->By.xpath: //*[.='Sign Out']was found
02:57:39 INFO  application.MyListener - Start find element by -->By.xpath: //*[.='Sign Out']
02:57:39 INFO  application.MyListener - The element -->By.xpath: //*[.='Sign Out']was found
02:57:39 INFO  tests.TestBase - End of method --> loginTestBase
02:57:39 INFO  tests.TestBase - Start method  --> loginTestDP_CSV
02:57:39 INFO  application.MyListener - Start find element by -->By.xpath: //*[.='Sign Out']
02:57:39 INFO  application.MyListener - The element -->By.xpath: //*[.='Sign Out']was found
02:57:39 INFO  application.MyListener - Start find element by -->By.xpath: //*[.='Sign Out']
02:57:39 INFO  application.MyListener - The element -->By.xpath: //*[.='Sign Out']was found
02:57:39 INFO  application.MyListener - Start find element by -->By.xpath: //a[.='LOGIN']
02:57:39 INFO  application.MyListener - The element -->By.xpath: //a[.='LOGIN']was found
02:57:40 INFO  application.MyListener - Start find element by -->By.xpath: //input[@placeholder='Email']
02:57:40 INFO  application.MyListener - The element -->By.xpath: //input[@placeholder='Email']was found
02:57:40 INFO  application.MyListener - Start find element by -->By.xpath: //input[@placeholder='Password']
02:57:40 INFO  application.MyListener - The element -->By.xpath: //input[@placeholder='Password']was found
02:57:40 INFO  tests.TestBase - Login with --> email: "anat@gmail.com", password: "Aa12345$"
02:57:40 INFO  application.MyListener - Start find element by -->By.xpath: //button[.=' Login']
02:57:40 INFO  application.MyListener - The element -->By.xpath: //button[.=' Login']was found
02:57:41 INFO  application.MyListener - Start find element by -->By.xpath: //*[.='Sign Out']
02:57:41 INFO  application.MyListener - The element -->By.xpath: //*[.='Sign Out']was found
02:57:41 INFO  application.MyListener - Start find element by -->By.xpath: //*[.='Sign Out']
02:57:41 INFO  application.MyListener - The element -->By.xpath: //*[.='Sign Out']was found
02:57:41 INFO  tests.TestBase - End of method --> loginTestDP_CSV
02:57:41 INFO  tests.TestBase - Start method  --> loginTestDP_CSV
02:57:41 INFO  application.MyListener - Start find element by -->By.xpath: //*[.='Sign Out']
02:57:41 INFO  application.MyListener - The element -->By.xpath: //*[.='Sign Out']was found
02:57:41 INFO  application.MyListener - Start find element by -->By.xpath: //*[.='Sign Out']
02:57:41 INFO  application.MyListener - The element -->By.xpath: //*[.='Sign Out']was found
02:57:41 INFO  application.MyListener - Start find element by -->By.xpath: //a[.='LOGIN']
02:57:41 INFO  application.MyListener - The element -->By.xpath: //a[.='LOGIN']was found
02:57:41 INFO  application.MyListener - Start find element by -->By.xpath: //input[@placeholder='Email']
02:57:41 INFO  application.MyListener - The element -->By.xpath: //input[@placeholder='Email']was found
02:57:41 INFO  application.MyListener - Start find element by -->By.xpath: //input[@placeholder='Password']
02:57:42 INFO  application.MyListener - The element -->By.xpath: //input[@placeholder='Password']was found
02:57:42 INFO  tests.TestBase - Login with --> email: "anata@gmail.com", password: "Aa12345$"
02:57:42 INFO  application.MyListener - Start find element by -->By.xpath: //button[.=' Login']
02:57:42 INFO  application.MyListener - The element -->By.xpath: //button[.=' Login']was found
02:57:42 INFO  application.MyListener - Start find element by -->By.xpath: //*[.='Sign Out']
02:57:42 INFO  application.MyListener - The element -->By.xpath: //*[.='Sign Out']was found
02:57:42 INFO  application.MyListener - Start find element by -->By.xpath: //*[.='Sign Out']
02:57:42 INFO  application.MyListener - The element -->By.xpath: //*[.='Sign Out']was found
02:57:42 INFO  tests.TestBase - End of method --> loginTestDP_CSV
02:57:42 INFO  tests.TestBase - Start method  --> loginTestDP_CSV
02:57:42 INFO  application.MyListener - Start find element by -->By.xpath: //*[.='Sign Out']
02:57:42 INFO  application.MyListener - The element -->By.xpath: //*[.='Sign Out']was found
02:57:42 INFO  application.MyListener - Start find element by -->By.xpath: //*[.='Sign Out']
02:57:42 INFO  application.MyListener - The element -->By.xpath: //*[.='Sign Out']was found
02:57:42 INFO  application.MyListener - Start find element by -->By.xpath: //a[.='LOGIN']
02:57:42 INFO  application.MyListener - The element -->By.xpath: //a[.='LOGIN']was found
02:57:43 INFO  application.MyListener - Start find element by -->By.xpath: //input[@placeholder='Email']
02:57:43 INFO  application.MyListener - The element -->By.xpath: //input[@placeholder='Email']was found
02:57:43 INFO  application.MyListener - Start find element by -->By.xpath: //input[@placeholder='Password']
02:57:43 INFO  application.MyListener - The element -->By.xpath: //input[@placeholder='Password']was found
02:57:43 INFO  tests.TestBase - Login with --> email: "anatan@gmail.com", password: "Aa12345$"
02:57:43 INFO  application.MyListener - Start find element by -->By.xpath: //button[.=' Login']
02:57:43 INFO  application.MyListener - The element -->By.xpath: //button[.=' Login']was found
02:57:44 INFO  application.MyListener - Start find element by -->By.xpath: //*[.='Sign Out']
02:57:45 INFO  application.MyListener - The element -->By.xpath: //*[.='Sign Out']was found
02:57:45 INFO  application.MyListener - Start find element by -->By.xpath: //*[.='Sign Out']
02:57:45 INFO  application.MyListener - The element -->By.xpath: //*[.='Sign Out']was found
02:57:45 INFO  tests.TestBase - End of method --> loginTestDP_CSV
02:57:45 INFO  tests.TestBase - Start method  --> loginTestDataProviderClass
02:57:45 INFO  application.MyListener - Start find element by -->By.xpath: //*[.='Sign Out']
02:57:45 INFO  application.MyListener - The element -->By.xpath: //*[.='Sign Out']was found
02:57:45 INFO  application.MyListener - Start find element by -->By.xpath: //*[.='Sign Out']
02:57:45 INFO  application.MyListener - The element -->By.xpath: //*[.='Sign Out']was found
02:57:45 INFO  application.MyListener - Start find element by -->By.xpath: //a[.='LOGIN']
02:57:45 INFO  application.MyListener - The element -->By.xpath: //a[.='LOGIN']was found
02:57:45 INFO  application.MyListener - Start find element by -->By.xpath: //input[@placeholder='Email']
02:57:45 INFO  application.MyListener - The element -->By.xpath: //input[@placeholder='Email']was found
02:57:46 INFO  application.MyListener - Start find element by -->By.xpath: //input[@placeholder='Password']
02:57:46 INFO  application.MyListener - The element -->By.xpath: //input[@placeholder='Password']was found
02:57:46 INFO  application.MyListener - Start find element by -->By.xpath: //button[.=' Login']
02:57:46 INFO  application.MyListener - The element -->By.xpath: //button[.=' Login']was found
02:57:46 INFO  application.MyListener - Start find element by -->By.xpath: //a[.='CONTACTS']
02:57:46 INFO  application.MyListener - The element -->By.xpath: //a[.='CONTACTS']was found
02:57:46 INFO  application.MyListener - Start find element by -->By.xpath: //*[.='Sign Out']
02:57:46 INFO  application.MyListener - The element -->By.xpath: //*[.='Sign Out']was found
02:57:46 INFO  tests.TestBase - End of method --> loginTestDataProviderClass
02:57:46 INFO  tests.TestBase - Start method  --> loginTestDataProviderClass
02:57:46 INFO  application.MyListener - Start find element by -->By.xpath: //*[.='Sign Out']
02:57:46 INFO  application.MyListener - The element -->By.xpath: //*[.='Sign Out']was found
02:57:46 INFO  application.MyListener - Start find element by -->By.xpath: //*[.='Sign Out']
02:57:46 INFO  application.MyListener - The element -->By.xpath: //*[.='Sign Out']was found
02:57:46 INFO  application.MyListener - Start find element by -->By.xpath: //a[.='LOGIN']
02:57:46 INFO  application.MyListener - The element -->By.xpath: //a[.='LOGIN']was found
02:57:47 INFO  application.MyListener - Start find element by -->By.xpath: //input[@placeholder='Email']
02:57:47 INFO  application.MyListener - The element -->By.xpath: //input[@placeholder='Email']was found
02:57:47 INFO  application.MyListener - Start find element by -->By.xpath: //input[@placeholder='Password']
02:57:47 INFO  application.MyListener - The element -->By.xpath: //input[@placeholder='Password']was found
02:57:47 INFO  application.MyListener - Start find element by -->By.xpath: //button[.=' Login']
02:57:47 INFO  application.MyListener - The element -->By.xpath: //button[.=' Login']was found
02:57:48 INFO  application.MyListener - Start find element by -->By.xpath: //a[.='CONTACTS']
02:57:48 INFO  application.MyListener - The element -->By.xpath: //a[.='CONTACTS']was found
02:57:48 INFO  application.MyListener - Start find element by -->By.xpath: //*[.='Sign Out']
02:57:48 INFO  application.MyListener - The element -->By.xpath: //*[.='Sign Out']was found
02:57:48 INFO  tests.TestBase - End of method --> loginTestDataProviderClass
02:57:48 INFO  tests.TestBase - Start method  --> loginTestDataProviderClass
02:57:48 INFO  application.MyListener - Start find element by -->By.xpath: //*[.='Sign Out']
02:57:48 INFO  application.MyListener - The element -->By.xpath: //*[.='Sign Out']was found
02:57:48 INFO  application.MyListener - Start find element by -->By.xpath: //*[.='Sign Out']
02:57:48 INFO  application.MyListener - The element -->By.xpath: //*[.='Sign Out']was found
02:57:48 INFO  application.MyListener - Start find element by -->By.xpath: //a[.='LOGIN']
02:57:48 INFO  application.MyListener - The element -->By.xpath: //a[.='LOGIN']was found
02:57:48 INFO  application.MyListener - Start find element by -->By.xpath: //input[@placeholder='Email']
02:57:48 INFO  application.MyListener - The element -->By.xpath: //input[@placeholder='Email']was found
02:57:49 INFO  application.MyListener - Start find element by -->By.xpath: //input[@placeholder='Password']
02:57:49 INFO  application.MyListener - The element -->By.xpath: //input[@placeholder='Password']was found
02:57:49 INFO  application.MyListener - Start find element by -->By.xpath: //button[.=' Login']
02:57:49 INFO  application.MyListener - The element -->By.xpath: //button[.=' Login']was found
02:57:49 INFO  application.MyListener - Start find element by -->By.xpath: //a[.='CONTACTS']
02:57:49 INFO  application.MyListener - The element -->By.xpath: //a[.='CONTACTS']was found
02:57:49 INFO  application.MyListener - Start find element by -->By.xpath: //*[.='Sign Out']
02:57:49 INFO  application.MyListener - The element -->By.xpath: //*[.='Sign Out']was found
02:57:49 INFO  tests.TestBase - End of method --> loginTestDataProviderClass
02:57:49 INFO  tests.TestBase - Start method  --> loginTestWithInvalidPassword
02:57:49 INFO  application.MyListener - Start find element by -->By.xpath: //*[.='Sign Out']
02:57:49 INFO  application.MyListener - The element -->By.xpath: //*[.='Sign Out']was found
02:57:49 INFO  application.MyListener - Start find element by -->By.xpath: //*[.='Sign Out']
02:57:49 INFO  application.MyListener - The element -->By.xpath: //*[.='Sign Out']was found
02:57:49 INFO  application.MyListener - Start find element by -->By.xpath: //a[.='LOGIN']
02:57:49 INFO  application.MyListener - The element -->By.xpath: //a[.='LOGIN']was found
02:57:50 INFO  application.MyListener - Start find element by -->By.xpath: //input[@placeholder='Email']
02:57:50 INFO  application.MyListener - The element -->By.xpath: //input[@placeholder='Email']was found
02:57:50 INFO  application.MyListener - Start find element by -->By.xpath: //input[@placeholder='Password']
02:57:50 INFO  application.MyListener - The element -->By.xpath: //input[@placeholder='Password']was found
02:57:50 INFO  tests.TestBase - Login with --> email: "anat@gmail.com", password: "Aa12345"
02:57:50 INFO  application.MyListener - Start find element by -->By.xpath: //button[.=' Login']
02:57:50 INFO  application.MyListener - The element -->By.xpath: //button[.=' Login']was found
02:57:51 INFO  application.MyListener - Start find element by -->By.xpath: //*[.='Sign Out']
02:58:01 INFO  application.MyListener - The element -->By.xpath: //*[.='Sign Out']was found
02:58:01 INFO  tests.TestBase - End of method --> loginTestWithInvalidPassword
]]></system-out>
  <system-err><![CDATA[]]></system-err>
</testsuite>
