<?xml version="1.0" encoding="UTF-8"?>
<testsuite name="tests.SmokeTest" tests="1" skipped="0" failures="0" errors="0" timestamp="2022-02-07T21:25:53" hostname="WIN-VLIAFR1P8UG" time="0.001">
  <properties/>
  <testcase name="smokeTest" classname="tests.SmokeTest" time="0.001"/>
  <system-out><![CDATA[Im Smoke Test 
]]></system-out>
  <system-err><![CDATA[]]></system-err>
</testsuite>
