<?xml version="1.0" encoding="UTF-8"?>
<testsuite name="tests.SmokeTest" tests="1" skipped="0" failures="0" errors="0" timestamp="2021-08-20T10:29:46" hostname="WIN-VLIAFR1P8UG" time="0.0">
  <properties/>
  <testcase name="smokeTest" classname="tests.SmokeTest" time="0.0"/>
  <system-out><![CDATA[13:29:44 [Test worker] INFO  application.AppManager - Start in browser CHROME
13:29:46 [Test worker] INFO  tests.TestBase - Start method  --> smokeTest
Im Smoke Test 
13:29:46 [Test worker] INFO  tests.TestBase - End of method --> smokeTest
]]></system-out>
  <system-err><![CDATA[Starting ChromeDriver 92.0.4515.107 (87a818b10553a07434ea9e2b6dccf3cbe7895134-refs/branch-heads/4515@{#1634}) on port 1044
Only local connections are allowed.
Please see https://chromedriver.chromium.org/security-considerations for suggestions on keeping ChromeDriver safe.
ChromeDriver was started successfully.
Aug 20, 2021 1:29:44 PM org.openqa.selenium.remote.ProtocolHandshake createSession
INFO: Detected dialect: W3C
]]></system-err>
</testsuite>
