<?xml version="1.0" encoding="UTF-8"?>
<testsuite name="tests.LoginTest" tests="7" skipped="0" failures="0" errors="0" timestamp="2021-08-20T11:12:23" hostname="WIN-VLIAFR1P8UG" time="7.259">
  <properties/>
  <testcase name="loginTestBase" classname="tests.LoginTest" time="2.537"/>
  <testcase name="loginTestDP_CSV[0](models.User@2fc6e21b)" classname="tests.LoginTest" time="0.635"/>
  <testcase name="loginTestDP_CSV[1](models.User@137dd50d)" classname="tests.LoginTest" time="0.625"/>
  <testcase name="loginTestDP_CSV[2](models.User@15b4bf87)" classname="tests.LoginTest" time="0.555"/>
  <testcase name="loginTestDataProviderClass[0](anat@gmail.com, Aa12345$)" classname="tests.LoginTest" time="0.96"/>
  <testcase name="loginTestDataProviderClass[1](anata@gmail.com, Aa12345$)" classname="tests.LoginTest" time="0.613"/>
  <testcase name="loginTestDataProviderClass[2](anatan@gmail.com, Aa12345$)" classname="tests.LoginTest" time="0.627"/>
  <system-out><![CDATA[14:12:10 [Test worker] INFO  application.AppManager - Start in browser CHROME
14:12:13 [Test worker] INFO  tests.TestBase - Start method  --> loginTestBase
14:12:13 [Test worker] INFO  application.MyListener - Start find element by -->By.xpath: //*[.='Sign Out']
14:12:23 [Test worker] INFO  application.MyListener - The element -->By.xpath: //*[.='Sign Out']was found
14:12:23 [Test worker] INFO  application.MyListener - Start find element by -->By.xpath: //a[.='LOGIN']
14:12:24 [Test worker] INFO  application.MyListener - The element -->By.xpath: //a[.='LOGIN']was found
14:12:24 [Test worker] INFO  application.MyListener - Start find element by -->By.xpath: //input[@placeholder='Email']
14:12:24 [Test worker] INFO  application.MyListener - The element -->By.xpath: //input[@placeholder='Email']was found
14:12:25 [Test worker] INFO  application.MyListener - Start find element by -->By.xpath: //input[@placeholder='Password']
14:12:25 [Test worker] INFO  application.MyListener - The element -->By.xpath: //input[@placeholder='Password']was found
14:12:25 [Test worker] INFO  tests.TestBase - Login with --> email: "anat@gmail.com", password: "Aa12345$"
14:12:25 [Test worker] INFO  application.MyListener - Start find element by -->By.xpath: //button[.=' Login']
14:12:25 [Test worker] INFO  application.MyListener - The element -->By.xpath: //button[.=' Login']was found
14:12:25 [Test worker] INFO  application.MyListener - Start find element by -->By.xpath: //*[.='Sign Out']
14:12:26 [Test worker] INFO  application.MyListener - The element -->By.xpath: //*[.='Sign Out']was found
14:12:26 [Test worker] INFO  application.MyListener - Start find element by -->By.xpath: //*[.='Sign Out']
14:12:26 [Test worker] INFO  application.MyListener - The element -->By.xpath: //*[.='Sign Out']was found
14:12:26 [Test worker] INFO  tests.TestBase - End of method --> loginTestBase
14:12:26 [Test worker] INFO  tests.TestBase - Start method  --> loginTestDP_CSV
14:12:26 [Test worker] INFO  application.MyListener - Start find element by -->By.xpath: //*[.='Sign Out']
14:12:26 [Test worker] INFO  application.MyListener - The element -->By.xpath: //*[.='Sign Out']was found
14:12:26 [Test worker] INFO  application.MyListener - Start find element by -->By.xpath: //*[.='Sign Out']
14:12:26 [Test worker] INFO  application.MyListener - The element -->By.xpath: //*[.='Sign Out']was found
14:12:26 [Test worker] INFO  application.MyListener - Start find element by -->By.xpath: //a[.='LOGIN']
14:12:26 [Test worker] INFO  application.MyListener - The element -->By.xpath: //a[.='LOGIN']was found
14:12:26 [Test worker] INFO  application.MyListener - Start find element by -->By.xpath: //input[@placeholder='Email']
14:12:26 [Test worker] INFO  application.MyListener - The element -->By.xpath: //input[@placeholder='Email']was found
14:12:26 [Test worker] INFO  application.MyListener - Start find element by -->By.xpath: //input[@placeholder='Password']
14:12:26 [Test worker] INFO  application.MyListener - The element -->By.xpath: //input[@placeholder='Password']was found
14:12:27 [Test worker] INFO  tests.TestBase - Login with --> email: "anat@gmail.com", password: "Aa12345$"
14:12:27 [Test worker] INFO  application.MyListener - Start find element by -->By.xpath: //button[.=' Login']
14:12:27 [Test worker] INFO  application.MyListener - The element -->By.xpath: //button[.=' Login']was found
14:12:27 [Test worker] INFO  application.MyListener - Start find element by -->By.xpath: //*[.='Sign Out']
14:12:27 [Test worker] INFO  application.MyListener - The element -->By.xpath: //*[.='Sign Out']was found
14:12:27 [Test worker] INFO  application.MyListener - Start find element by -->By.xpath: //*[.='Sign Out']
14:12:27 [Test worker] INFO  application.MyListener - The element -->By.xpath: //*[.='Sign Out']was found
14:12:27 [Test worker] INFO  tests.TestBase - End of method --> loginTestDP_CSV
14:12:27 [Test worker] INFO  tests.TestBase - Start method  --> loginTestDP_CSV
14:12:27 [Test worker] INFO  application.MyListener - Start find element by -->By.xpath: //*[.='Sign Out']
14:12:27 [Test worker] INFO  application.MyListener - The element -->By.xpath: //*[.='Sign Out']was found
14:12:27 [Test worker] INFO  application.MyListener - Start find element by -->By.xpath: //*[.='Sign Out']
14:12:27 [Test worker] INFO  application.MyListener - The element -->By.xpath: //*[.='Sign Out']was found
14:12:27 [Test worker] INFO  application.MyListener - Start find element by -->By.xpath: //a[.='LOGIN']
14:12:27 [Test worker] INFO  application.MyListener - The element -->By.xpath: //a[.='LOGIN']was found
14:12:27 [Test worker] INFO  application.MyListener - Start find element by -->By.xpath: //input[@placeholder='Email']
14:12:27 [Test worker] INFO  application.MyListener - The element -->By.xpath: //input[@placeholder='Email']was found
14:12:27 [Test worker] INFO  application.MyListener - Start find element by -->By.xpath: //input[@placeholder='Password']
14:12:27 [Test worker] INFO  application.MyListener - The element -->By.xpath: //input[@placeholder='Password']was found
14:12:27 [Test worker] INFO  tests.TestBase - Login with --> email: "anata@gmail.com", password: "Aa12345$"
14:12:27 [Test worker] INFO  application.MyListener - Start find element by -->By.xpath: //button[.=' Login']
14:12:27 [Test worker] INFO  application.MyListener - The element -->By.xpath: //button[.=' Login']was found
14:12:27 [Test worker] INFO  application.MyListener - Start find element by -->By.xpath: //*[.='Sign Out']
14:12:28 [Test worker] INFO  application.MyListener - The element -->By.xpath: //*[.='Sign Out']was found
14:12:28 [Test worker] INFO  application.MyListener - Start find element by -->By.xpath: //*[.='Sign Out']
14:12:28 [Test worker] INFO  application.MyListener - The element -->By.xpath: //*[.='Sign Out']was found
14:12:28 [Test worker] INFO  tests.TestBase - End of method --> loginTestDP_CSV
14:12:28 [Test worker] INFO  tests.TestBase - Start method  --> loginTestDP_CSV
14:12:28 [Test worker] INFO  application.MyListener - Start find element by -->By.xpath: //*[.='Sign Out']
14:12:28 [Test worker] INFO  application.MyListener - The element -->By.xpath: //*[.='Sign Out']was found
14:12:28 [Test worker] INFO  application.MyListener - Start find element by -->By.xpath: //*[.='Sign Out']
14:12:28 [Test worker] INFO  application.MyListener - The element -->By.xpath: //*[.='Sign Out']was found
14:12:28 [Test worker] INFO  application.MyListener - Start find element by -->By.xpath: //a[.='LOGIN']
14:12:28 [Test worker] INFO  application.MyListener - The element -->By.xpath: //a[.='LOGIN']was found
14:12:28 [Test worker] INFO  application.MyListener - Start find element by -->By.xpath: //input[@placeholder='Email']
14:12:28 [Test worker] INFO  application.MyListener - The element -->By.xpath: //input[@placeholder='Email']was found
14:12:28 [Test worker] INFO  application.MyListener - Start find element by -->By.xpath: //input[@placeholder='Password']
14:12:28 [Test worker] INFO  application.MyListener - The element -->By.xpath: //input[@placeholder='Password']was found
14:12:28 [Test worker] INFO  tests.TestBase - Login with --> email: "anatan@gmail.com", password: "Aa12345$"
14:12:28 [Test worker] INFO  application.MyListener - Start find element by -->By.xpath: //button[.=' Login']
14:12:28 [Test worker] INFO  application.MyListener - The element -->By.xpath: //button[.=' Login']was found
14:12:28 [Test worker] INFO  application.MyListener - Start find element by -->By.xpath: //*[.='Sign Out']
14:12:28 [Test worker] INFO  application.MyListener - The element -->By.xpath: //*[.='Sign Out']was found
14:12:28 [Test worker] INFO  application.MyListener - Start find element by -->By.xpath: //*[.='Sign Out']
14:12:28 [Test worker] INFO  application.MyListener - The element -->By.xpath: //*[.='Sign Out']was found
14:12:28 [Test worker] INFO  tests.TestBase - End of method --> loginTestDP_CSV
14:12:28 [Test worker] INFO  tests.TestBase - Start method  --> loginTestDataProviderClass
14:12:28 [Test worker] INFO  application.MyListener - Start find element by -->By.xpath: //*[.='Sign Out']
14:12:28 [Test worker] INFO  application.MyListener - The element -->By.xpath: //*[.='Sign Out']was found
14:12:28 [Test worker] INFO  application.MyListener - Start find element by -->By.xpath: //*[.='Sign Out']
14:12:28 [Test worker] INFO  application.MyListener - The element -->By.xpath: //*[.='Sign Out']was found
14:12:28 [Test worker] INFO  application.MyListener - Start find element by -->By.xpath: //a[.='LOGIN']
14:12:28 [Test worker] INFO  application.MyListener - The element -->By.xpath: //a[.='LOGIN']was found
14:12:28 [Test worker] INFO  application.MyListener - Start find element by -->By.xpath: //input[@placeholder='Email']
14:12:28 [Test worker] INFO  application.MyListener - The element -->By.xpath: //input[@placeholder='Email']was found
14:12:28 [Test worker] INFO  application.MyListener - Start find element by -->By.xpath: //input[@placeholder='Password']
14:12:29 [Test worker] INFO  application.MyListener - The element -->By.xpath: //input[@placeholder='Password']was found
14:12:29 [Test worker] INFO  application.MyListener - Start find element by -->By.xpath: //button[.=' Login']
14:12:29 [Test worker] INFO  application.MyListener - The element -->By.xpath: //button[.=' Login']was found
14:12:29 [Test worker] INFO  application.MyListener - Start find element by -->By.xpath: //a[.='CONTACTS']
14:12:29 [Test worker] INFO  application.MyListener - The element -->By.xpath: //a[.='CONTACTS']was found
14:12:29 [Test worker] INFO  application.MyListener - Start find element by -->By.xpath: //*[.='Sign Out']
14:12:29 [Test worker] INFO  application.MyListener - The element -->By.xpath: //*[.='Sign Out']was found
14:12:29 [Test worker] INFO  tests.TestBase - End of method --> loginTestDataProviderClass
14:12:29 [Test worker] INFO  tests.TestBase - Start method  --> loginTestDataProviderClass
14:12:29 [Test worker] INFO  application.MyListener - Start find element by -->By.xpath: //*[.='Sign Out']
14:12:29 [Test worker] INFO  application.MyListener - The element -->By.xpath: //*[.='Sign Out']was found
14:12:29 [Test worker] INFO  application.MyListener - Start find element by -->By.xpath: //*[.='Sign Out']
14:12:29 [Test worker] INFO  application.MyListener - The element -->By.xpath: //*[.='Sign Out']was found
14:12:29 [Test worker] INFO  application.MyListener - Start find element by -->By.xpath: //a[.='LOGIN']
14:12:29 [Test worker] INFO  application.MyListener - The element -->By.xpath: //a[.='LOGIN']was found
14:12:29 [Test worker] INFO  application.MyListener - Start find element by -->By.xpath: //input[@placeholder='Email']
14:12:29 [Test worker] INFO  application.MyListener - The element -->By.xpath: //input[@placeholder='Email']was found
14:12:30 [Test worker] INFO  application.MyListener - Start find element by -->By.xpath: //input[@placeholder='Password']
14:12:30 [Test worker] INFO  application.MyListener - The element -->By.xpath: //input[@placeholder='Password']was found
14:12:30 [Test worker] INFO  application.MyListener - Start find element by -->By.xpath: //button[.=' Login']
14:12:30 [Test worker] INFO  application.MyListener - The element -->By.xpath: //button[.=' Login']was found
14:12:30 [Test worker] INFO  application.MyListener - Start find element by -->By.xpath: //a[.='CONTACTS']
14:12:30 [Test worker] INFO  application.MyListener - The element -->By.xpath: //a[.='CONTACTS']was found
14:12:30 [Test worker] INFO  application.MyListener - Start find element by -->By.xpath: //*[.='Sign Out']
14:12:30 [Test worker] INFO  application.MyListener - The element -->By.xpath: //*[.='Sign Out']was found
14:12:30 [Test worker] INFO  tests.TestBase - End of method --> loginTestDataProviderClass
14:12:30 [Test worker] INFO  tests.TestBase - Start method  --> loginTestDataProviderClass
14:12:30 [Test worker] INFO  application.MyListener - Start find element by -->By.xpath: //*[.='Sign Out']
14:12:30 [Test worker] INFO  application.MyListener - The element -->By.xpath: //*[.='Sign Out']was found
14:12:30 [Test worker] INFO  application.MyListener - Start find element by -->By.xpath: //*[.='Sign Out']
14:12:30 [Test worker] INFO  application.MyListener - The element -->By.xpath: //*[.='Sign Out']was found
14:12:30 [Test worker] INFO  application.MyListener - Start find element by -->By.xpath: //a[.='LOGIN']
14:12:30 [Test worker] INFO  application.MyListener - The element -->By.xpath: //a[.='LOGIN']was found
14:12:30 [Test worker] INFO  application.MyListener - Start find element by -->By.xpath: //input[@placeholder='Email']
14:12:30 [Test worker] INFO  application.MyListener - The element -->By.xpath: //input[@placeholder='Email']was found
14:12:30 [Test worker] INFO  application.MyListener - Start find element by -->By.xpath: //input[@placeholder='Password']
14:12:30 [Test worker] INFO  application.MyListener - The element -->By.xpath: //input[@placeholder='Password']was found
14:12:30 [Test worker] INFO  application.MyListener - Start find element by -->By.xpath: //button[.=' Login']
14:12:30 [Test worker] INFO  application.MyListener - The element -->By.xpath: //button[.=' Login']was found
14:12:30 [Test worker] INFO  application.MyListener - Start find element by -->By.xpath: //a[.='CONTACTS']
14:12:31 [Test worker] INFO  application.MyListener - The element -->By.xpath: //a[.='CONTACTS']was found
14:12:31 [Test worker] INFO  application.MyListener - Start find element by -->By.xpath: //*[.='Sign Out']
14:12:31 [Test worker] INFO  application.MyListener - The element -->By.xpath: //*[.='Sign Out']was found
14:12:31 [Test worker] INFO  tests.TestBase - End of method --> loginTestDataProviderClass
]]></system-out>
  <system-err><![CDATA[Starting ChromeDriver 92.0.4515.107 (87a818b10553a07434ea9e2b6dccf3cbe7895134-refs/branch-heads/4515@{#1634}) on port 39782
Only local connections are allowed.
Please see https://chromedriver.chromium.org/security-considerations for suggestions on keeping ChromeDriver safe.
ChromeDriver was started successfully.
Aug 20, 2021 2:12:10 PM org.openqa.selenium.remote.ProtocolHandshake createSession
INFO: Detected dialect: W3C
]]></system-err>
</testsuite>
