<?xml version="1.0" encoding="UTF-8"?>
<testsuite name="tests.LoginTest" tests="7" skipped="0" failures="0" errors="0" timestamp="2021-08-16T15:32:49" hostname="WIN-VLIAFR1P8UG" time="11.663">
  <properties/>
  <testcase name="loginTestBase" classname="tests.LoginTest" time="3.216"/>
  <testcase name="loginTestDP_CSV[0](models.User@1ca52bc3)" classname="tests.LoginTest" time="1.151"/>
  <testcase name="loginTestDP_CSV[1](models.User@63a3e6a4)" classname="tests.LoginTest" time="1.135"/>
  <testcase name="loginTestDP_CSV[2](models.User@7a9cc22d)" classname="tests.LoginTest" time="1.13"/>
  <testcase name="loginTestDataProviderClass[0](anat@gmail.com, Aa12345$)" classname="tests.LoginTest" time="1.122"/>
  <testcase name="loginTestDataProviderClass[1](anata@gmail.com, Aa12345$)" classname="tests.LoginTest" time="1.138"/>
  <testcase name="loginTestDataProviderClass[2](anatan@gmail.com, Aa12345$)" classname="tests.LoginTest" time="1.121"/>
  <system-out><![CDATA[18:32:37 [Test worker] INFO  application.AppManager - Start in browser FIREFOX
18:32:39 [Test worker] INFO  tests.TestBase - Start method  --> loginTestBase
18:32:39 [Test worker] INFO  application.MyListener - Start find element by -->By.xpath: //*[.='Sign Out']
18:32:49 [Test worker] INFO  application.MyListener - The element -->By.xpath: //*[.='Sign Out']was found
18:32:49 [Test worker] INFO  application.MyListener - Start find element by -->By.xpath: //a[.='LOGIN']
18:32:49 [Test worker] INFO  application.MyListener - The element -->By.xpath: //a[.='LOGIN']was found
18:32:50 [Test worker] INFO  application.MyListener - Start find element by -->By.xpath: //input[@placeholder='Email']
18:32:50 [Test worker] INFO  application.MyListener - The element -->By.xpath: //input[@placeholder='Email']was found
18:32:51 [Test worker] INFO  application.MyListener - Start find element by -->By.xpath: //input[@placeholder='Password']
18:32:51 [Test worker] INFO  application.MyListener - The element -->By.xpath: //input[@placeholder='Password']was found
18:32:51 [Test worker] INFO  tests.TestBase - Login with --> email: "anat@gmail.com", password: "Aa12345$"
18:32:51 [Test worker] INFO  application.MyListener - Start find element by -->By.xpath: //button[.=' Login']
18:32:51 [Test worker] INFO  application.MyListener - The element -->By.xpath: //button[.=' Login']was found
18:32:51 [Test worker] INFO  application.MyListener - Start find element by -->By.xpath: //*[.='Sign Out']
18:32:52 [Test worker] INFO  application.MyListener - The element -->By.xpath: //*[.='Sign Out']was found
18:32:52 [Test worker] INFO  application.MyListener - Start find element by -->By.xpath: //*[.='Sign Out']
18:32:52 [Test worker] INFO  application.MyListener - The element -->By.xpath: //*[.='Sign Out']was found
18:32:52 [Test worker] INFO  tests.TestBase - End of method --> loginTestBase
18:32:52 [Test worker] INFO  tests.TestBase - Start method  --> loginTestDP_CSV
18:32:52 [Test worker] INFO  application.MyListener - Start find element by -->By.xpath: //*[.='Sign Out']
18:32:52 [Test worker] INFO  application.MyListener - The element -->By.xpath: //*[.='Sign Out']was found
18:32:52 [Test worker] INFO  application.MyListener - Start find element by -->By.xpath: //*[.='Sign Out']
18:32:52 [Test worker] INFO  application.MyListener - The element -->By.xpath: //*[.='Sign Out']was found
18:32:53 [Test worker] INFO  application.MyListener - Start find element by -->By.xpath: //a[.='LOGIN']
18:32:53 [Test worker] INFO  application.MyListener - The element -->By.xpath: //a[.='LOGIN']was found
18:32:53 [Test worker] INFO  application.MyListener - Start find element by -->By.xpath: //input[@placeholder='Email']
18:32:53 [Test worker] INFO  application.MyListener - The element -->By.xpath: //input[@placeholder='Email']was found
18:32:53 [Test worker] INFO  application.MyListener - Start find element by -->By.xpath: //input[@placeholder='Password']
18:32:53 [Test worker] INFO  application.MyListener - The element -->By.xpath: //input[@placeholder='Password']was found
18:32:53 [Test worker] INFO  tests.TestBase - Login with --> email: "anat@gmail.com", password: "Aa12345$"
18:32:53 [Test worker] INFO  application.MyListener - Start find element by -->By.xpath: //button[.=' Login']
18:32:53 [Test worker] INFO  application.MyListener - The element -->By.xpath: //button[.=' Login']was found
18:32:54 [Test worker] INFO  application.MyListener - Start find element by -->By.xpath: //*[.='Sign Out']
18:32:54 [Test worker] INFO  application.MyListener - The element -->By.xpath: //*[.='Sign Out']was found
18:32:54 [Test worker] INFO  application.MyListener - Start find element by -->By.xpath: //*[.='Sign Out']
18:32:54 [Test worker] INFO  application.MyListener - The element -->By.xpath: //*[.='Sign Out']was found
18:32:54 [Test worker] INFO  tests.TestBase - End of method --> loginTestDP_CSV
18:32:54 [Test worker] INFO  tests.TestBase - Start method  --> loginTestDP_CSV
18:32:54 [Test worker] INFO  application.MyListener - Start find element by -->By.xpath: //*[.='Sign Out']
18:32:54 [Test worker] INFO  application.MyListener - The element -->By.xpath: //*[.='Sign Out']was found
18:32:54 [Test worker] INFO  application.MyListener - Start find element by -->By.xpath: //*[.='Sign Out']
18:32:54 [Test worker] INFO  application.MyListener - The element -->By.xpath: //*[.='Sign Out']was found
18:32:54 [Test worker] INFO  application.MyListener - Start find element by -->By.xpath: //a[.='LOGIN']
18:32:54 [Test worker] INFO  application.MyListener - The element -->By.xpath: //a[.='LOGIN']was found
18:32:54 [Test worker] INFO  application.MyListener - Start find element by -->By.xpath: //input[@placeholder='Email']
18:32:54 [Test worker] INFO  application.MyListener - The element -->By.xpath: //input[@placeholder='Email']was found
18:32:55 [Test worker] INFO  application.MyListener - Start find element by -->By.xpath: //input[@placeholder='Password']
18:32:55 [Test worker] INFO  application.MyListener - The element -->By.xpath: //input[@placeholder='Password']was found
18:32:55 [Test worker] INFO  tests.TestBase - Login with --> email: "anata@gmail.com", password: "Aa12345$"
18:32:55 [Test worker] INFO  application.MyListener - Start find element by -->By.xpath: //button[.=' Login']
18:32:55 [Test worker] INFO  application.MyListener - The element -->By.xpath: //button[.=' Login']was found
18:32:55 [Test worker] INFO  application.MyListener - Start find element by -->By.xpath: //*[.='Sign Out']
18:32:55 [Test worker] INFO  application.MyListener - The element -->By.xpath: //*[.='Sign Out']was found
18:32:55 [Test worker] INFO  application.MyListener - Start find element by -->By.xpath: //*[.='Sign Out']
18:32:55 [Test worker] INFO  application.MyListener - The element -->By.xpath: //*[.='Sign Out']was found
18:32:55 [Test worker] INFO  tests.TestBase - End of method --> loginTestDP_CSV
18:32:55 [Test worker] INFO  tests.TestBase - Start method  --> loginTestDP_CSV
18:32:55 [Test worker] INFO  application.MyListener - Start find element by -->By.xpath: //*[.='Sign Out']
18:32:55 [Test worker] INFO  application.MyListener - The element -->By.xpath: //*[.='Sign Out']was found
18:32:55 [Test worker] INFO  application.MyListener - Start find element by -->By.xpath: //*[.='Sign Out']
18:32:55 [Test worker] INFO  application.MyListener - The element -->By.xpath: //*[.='Sign Out']was found
18:32:55 [Test worker] INFO  application.MyListener - Start find element by -->By.xpath: //a[.='LOGIN']
18:32:55 [Test worker] INFO  application.MyListener - The element -->By.xpath: //a[.='LOGIN']was found
18:32:56 [Test worker] INFO  application.MyListener - Start find element by -->By.xpath: //input[@placeholder='Email']
18:32:56 [Test worker] INFO  application.MyListener - The element -->By.xpath: //input[@placeholder='Email']was found
18:32:56 [Test worker] INFO  application.MyListener - Start find element by -->By.xpath: //input[@placeholder='Password']
18:32:56 [Test worker] INFO  application.MyListener - The element -->By.xpath: //input[@placeholder='Password']was found
18:32:56 [Test worker] INFO  tests.TestBase - Login with --> email: "anatan@gmail.com", password: "Aa12345$"
18:32:56 [Test worker] INFO  application.MyListener - Start find element by -->By.xpath: //button[.=' Login']
18:32:56 [Test worker] INFO  application.MyListener - The element -->By.xpath: //button[.=' Login']was found
18:32:56 [Test worker] INFO  application.MyListener - Start find element by -->By.xpath: //*[.='Sign Out']
18:32:56 [Test worker] INFO  application.MyListener - The element -->By.xpath: //*[.='Sign Out']was found
18:32:57 [Test worker] INFO  application.MyListener - Start find element by -->By.xpath: //*[.='Sign Out']
18:32:57 [Test worker] INFO  application.MyListener - The element -->By.xpath: //*[.='Sign Out']was found
18:32:57 [Test worker] INFO  tests.TestBase - End of method --> loginTestDP_CSV
18:32:57 [Test worker] INFO  tests.TestBase - Start method  --> loginTestDataProviderClass
18:32:57 [Test worker] INFO  application.MyListener - Start find element by -->By.xpath: //*[.='Sign Out']
18:32:57 [Test worker] INFO  application.MyListener - The element -->By.xpath: //*[.='Sign Out']was found
18:32:57 [Test worker] INFO  application.MyListener - Start find element by -->By.xpath: //*[.='Sign Out']
18:32:57 [Test worker] INFO  application.MyListener - The element -->By.xpath: //*[.='Sign Out']was found
18:32:57 [Test worker] INFO  application.MyListener - Start find element by -->By.xpath: //a[.='LOGIN']
18:32:57 [Test worker] INFO  application.MyListener - The element -->By.xpath: //a[.='LOGIN']was found
18:32:57 [Test worker] INFO  application.MyListener - Start find element by -->By.xpath: //input[@placeholder='Email']
18:32:57 [Test worker] INFO  application.MyListener - The element -->By.xpath: //input[@placeholder='Email']was found
18:32:57 [Test worker] INFO  application.MyListener - Start find element by -->By.xpath: //input[@placeholder='Password']
18:32:57 [Test worker] INFO  application.MyListener - The element -->By.xpath: //input[@placeholder='Password']was found
18:32:58 [Test worker] INFO  application.MyListener - Start find element by -->By.xpath: //button[.=' Login']
18:32:58 [Test worker] INFO  application.MyListener - The element -->By.xpath: //button[.=' Login']was found
18:32:58 [Test worker] INFO  application.MyListener - Start find element by -->By.xpath: //a[.='CONTACTS']
18:32:58 [Test worker] INFO  application.MyListener - The element -->By.xpath: //a[.='CONTACTS']was found
18:32:58 [Test worker] INFO  application.MyListener - Start find element by -->By.xpath: //*[.='Sign Out']
18:32:58 [Test worker] INFO  application.MyListener - The element -->By.xpath: //*[.='Sign Out']was found
18:32:58 [Test worker] INFO  tests.TestBase - End of method --> loginTestDataProviderClass
18:32:58 [Test worker] INFO  tests.TestBase - Start method  --> loginTestDataProviderClass
18:32:58 [Test worker] INFO  application.MyListener - Start find element by -->By.xpath: //*[.='Sign Out']
18:32:58 [Test worker] INFO  application.MyListener - The element -->By.xpath: //*[.='Sign Out']was found
18:32:58 [Test worker] INFO  application.MyListener - Start find element by -->By.xpath: //*[.='Sign Out']
18:32:58 [Test worker] INFO  application.MyListener - The element -->By.xpath: //*[.='Sign Out']was found
18:32:58 [Test worker] INFO  application.MyListener - Start find element by -->By.xpath: //a[.='LOGIN']
18:32:58 [Test worker] INFO  application.MyListener - The element -->By.xpath: //a[.='LOGIN']was found
18:32:58 [Test worker] INFO  application.MyListener - Start find element by -->By.xpath: //input[@placeholder='Email']
18:32:58 [Test worker] INFO  application.MyListener - The element -->By.xpath: //input[@placeholder='Email']was found
18:32:59 [Test worker] INFO  application.MyListener - Start find element by -->By.xpath: //input[@placeholder='Password']
18:32:59 [Test worker] INFO  application.MyListener - The element -->By.xpath: //input[@placeholder='Password']was found
18:32:59 [Test worker] INFO  application.MyListener - Start find element by -->By.xpath: //button[.=' Login']
18:32:59 [Test worker] INFO  application.MyListener - The element -->By.xpath: //button[.=' Login']was found
18:32:59 [Test worker] INFO  application.MyListener - Start find element by -->By.xpath: //a[.='CONTACTS']
18:32:59 [Test worker] INFO  application.MyListener - The element -->By.xpath: //a[.='CONTACTS']was found
18:32:59 [Test worker] INFO  application.MyListener - Start find element by -->By.xpath: //*[.='Sign Out']
18:32:59 [Test worker] INFO  application.MyListener - The element -->By.xpath: //*[.='Sign Out']was found
18:32:59 [Test worker] INFO  tests.TestBase - End of method --> loginTestDataProviderClass
18:32:59 [Test worker] INFO  tests.TestBase - Start method  --> loginTestDataProviderClass
18:32:59 [Test worker] INFO  application.MyListener - Start find element by -->By.xpath: //*[.='Sign Out']
18:32:59 [Test worker] INFO  application.MyListener - The element -->By.xpath: //*[.='Sign Out']was found
18:32:59 [Test worker] INFO  application.MyListener - Start find element by -->By.xpath: //*[.='Sign Out']
18:32:59 [Test worker] INFO  application.MyListener - The element -->By.xpath: //*[.='Sign Out']was found
18:33:00 [Test worker] INFO  application.MyListener - Start find element by -->By.xpath: //a[.='LOGIN']
18:33:00 [Test worker] INFO  application.MyListener - The element -->By.xpath: //a[.='LOGIN']was found
18:33:00 [Test worker] INFO  application.MyListener - Start find element by -->By.xpath: //input[@placeholder='Email']
18:33:00 [Test worker] INFO  application.MyListener - The element -->By.xpath: //input[@placeholder='Email']was found
18:33:00 [Test worker] INFO  application.MyListener - Start find element by -->By.xpath: //input[@placeholder='Password']
18:33:00 [Test worker] INFO  application.MyListener - The element -->By.xpath: //input[@placeholder='Password']was found
18:33:00 [Test worker] INFO  application.MyListener - Start find element by -->By.xpath: //button[.=' Login']
18:33:00 [Test worker] INFO  application.MyListener - The element -->By.xpath: //button[.=' Login']was found
18:33:01 [Test worker] INFO  application.MyListener - Start find element by -->By.xpath: //a[.='CONTACTS']
18:33:01 [Test worker] INFO  application.MyListener - The element -->By.xpath: //a[.='CONTACTS']was found
18:33:01 [Test worker] INFO  application.MyListener - Start find element by -->By.xpath: //*[.='Sign Out']
18:33:01 [Test worker] INFO  application.MyListener - The element -->By.xpath: //*[.='Sign Out']was found
18:33:01 [Test worker] INFO  tests.TestBase - End of method --> loginTestDataProviderClass
]]></system-out>
  <system-err><![CDATA[1629127940085	geckodriver	INFO	Listening on 127.0.0.1:33570
1629127940432	mozrunner::runner	INFO	Running command: "C:\\Program Files\\Mozilla Firefox\\firefox.exe" "--marionette" "-foreground" "-no-remote" "-profile" "C:\\Users\\User\\AppData\\Local\\Temp\\rust_mozprofiley11mGW"
1629127944697	Marionette	INFO	Marionette enabled
console.warn: SearchSettings: "get: No settings file exists, new profile?" (new NotFoundError("Could not open the file at C:\\Users\\User\\AppData\\Local\\Temp\\rust_mozprofiley11mGW\\search.json.mozlz4", (void 0)))
1629127956620	Marionette	INFO	Listening on port 57194
1629127957011	RemoteAgent	WARN	TLS certificate errors will be ignored for this session
Aug 16, 2021 6:32:37 PM org.openqa.selenium.remote.ProtocolHandshake createSession
INFO: Detected dialect: W3C
]]></system-err>
</testsuite>
