<?xml version="1.0" encoding="UTF-8"?>
<testsuite name="tests.RemoveContactTest" tests="2" skipped="0" failures="0" errors="0" timestamp="2021-08-20T10:37:05" hostname="WIN-VLIAFR1P8UG" time="35.863">
  <properties/>
  <testcase name="removeAllContacts" classname="tests.RemoveContactTest" time="22.309"/>
  <testcase name="removeOneContact" classname="tests.RemoveContactTest" time="12.211"/>
  <system-out><![CDATA[13:36:51 [Test worker] INFO  application.AppManager - Start in browser CHROME
13:36:52 [Test worker] INFO  tests.TestBase - Start method  --> removeAllContacts
13:36:52 [Test worker] INFO  application.MyListener - Start find element by -->By.xpath: //*[.='Sign Out']
13:37:02 [Test worker] INFO  application.MyListener - The element -->By.xpath: //*[.='Sign Out']was found
13:37:02 [Test worker] INFO  application.MyListener - Start find element by -->By.xpath: //a[.='LOGIN']
13:37:02 [Test worker] INFO  application.MyListener - The element -->By.xpath: //a[.='LOGIN']was found
13:37:03 [Test worker] INFO  application.MyListener - Start find element by -->By.xpath: //input[@placeholder='Email']
13:37:03 [Test worker] INFO  application.MyListener - The element -->By.xpath: //input[@placeholder='Email']was found
13:37:03 [Test worker] INFO  application.MyListener - Start find element by -->By.xpath: //input[@placeholder='Password']
13:37:03 [Test worker] INFO  application.MyListener - The element -->By.xpath: //input[@placeholder='Password']was found
13:37:03 [Test worker] INFO  application.MyListener - Start find element by -->By.xpath: //button[.=' Login']
13:37:03 [Test worker] INFO  application.MyListener - The element -->By.xpath: //button[.=' Login']was found
13:37:03 [Test worker] INFO  application.MyListener - Start find element by -->By.xpath: //*[.='ADD']
13:37:04 [Test worker] INFO  application.MyListener - The element -->By.xpath: //*[.='ADD']was found
13:37:04 [Test worker] INFO  application.MyListener - Start find element by -->By.xpath: //a[.='ADD']
13:37:04 [Test worker] INFO  application.MyListener - The element -->By.xpath: //a[.='ADD']was found
13:37:04 [Test worker] INFO  application.MyListener - Start find element by -->By.cssSelector: [placeholder='Name']
13:37:04 [Test worker] INFO  application.MyListener - The element -->By.cssSelector: [placeholder='Name']was found
13:37:04 [Test worker] INFO  application.MyListener - Start find element by -->By.cssSelector: [placeholder='Last Name']
13:37:04 [Test worker] INFO  application.MyListener - The element -->By.cssSelector: [placeholder='Last Name']was found
13:37:04 [Test worker] INFO  application.MyListener - Start find element by -->By.cssSelector: [placeholder='Phone']
13:37:04 [Test worker] INFO  application.MyListener - The element -->By.cssSelector: [placeholder='Phone']was found
13:37:04 [Test worker] INFO  application.MyListener - Start find element by -->By.cssSelector: [placeholder='email']
13:37:04 [Test worker] INFO  application.MyListener - The element -->By.cssSelector: [placeholder='email']was found
13:37:04 [Test worker] INFO  application.MyListener - Start find element by -->By.cssSelector: [placeholder='Address']
13:37:04 [Test worker] INFO  application.MyListener - The element -->By.cssSelector: [placeholder='Address']was found
13:37:04 [Test worker] INFO  application.MyListener - Start find element by -->By.cssSelector: [placeholder='description']
13:37:04 [Test worker] INFO  application.MyListener - The element -->By.cssSelector: [placeholder='description']was found
13:37:05 [Test worker] INFO  application.MyListener - Start find element by -->By.xpath: //b[.='Save']
13:37:05 [Test worker] INFO  application.MyListener - The element -->By.xpath: //b[.='Save']was found
13:37:05 [Test worker] INFO  application.MyListener - Start find element by -->By.xpath: //h3
13:37:05 [Test worker] INFO  application.MyListener - The element -->By.xpath: //h3was found
123456222413:37:05 [Test worker] INFO  application.MyListener - Start find element by -->By.cssSelector: .contact-item_card__2SOIM
13:37:05 [Test worker] INFO  application.MyListener - The element -->By.cssSelector: .contact-item_card__2SOIMwas found
13:37:05 [Test worker] INFO  application.MyListener - Start find element by -->By.cssSelector: .contact-item_card__2SOIM
13:37:05 [Test worker] INFO  application.MyListener - The element -->By.cssSelector: .contact-item_card__2SOIMwas found
13:37:05 [Test worker] INFO  application.MyListener - Start find element by -->By.cssSelector: .contact-item_card__2SOIM
13:37:05 [Test worker] INFO  application.MyListener - The element -->By.cssSelector: .contact-item_card__2SOIMwas found
13:37:05 [Test worker] INFO  application.MyListener - Start find element by -->By.cssSelector: .contact-item_card__2SOIM
13:37:05 [Test worker] INFO  application.MyListener - The element -->By.cssSelector: .contact-item_card__2SOIMwas found
13:37:05 [Test worker] INFO  application.MyListener - Start find element by -->By.xpath: //button[.='Remove']
13:37:05 [Test worker] INFO  application.MyListener - The element -->By.xpath: //button[.='Remove']was found
13:37:07 [Test worker] INFO  application.MyListener - Start find element by -->By.cssSelector: .contact-item_card__2SOIM
13:37:17 [Test worker] INFO  application.MyListener - The element -->By.cssSelector: .contact-item_card__2SOIMwas found
13:37:17 [Test worker] INFO  application.MyListener - Start find element by -->By.cssSelector: .contact-item_card__2SOIM
13:37:27 [Test worker] INFO  application.MyListener - The element -->By.cssSelector: .contact-item_card__2SOIMwas found
13:37:27 [Test worker] INFO  tests.TestBase - End of method --> removeAllContacts
13:37:27 [Test worker] INFO  tests.TestBase - Start method  --> removeOneContact
13:37:27 [Test worker] INFO  application.MyListener - Start find element by -->By.xpath: //*[.='Sign Out']
13:37:27 [Test worker] INFO  application.MyListener - The element -->By.xpath: //*[.='Sign Out']was found
13:37:27 [Test worker] INFO  application.MyListener - Start find element by -->By.xpath: //a[.='ADD']
13:37:27 [Test worker] INFO  application.MyListener - The element -->By.xpath: //a[.='ADD']was found
13:37:27 [Test worker] INFO  application.MyListener - Start find element by -->By.cssSelector: [placeholder='Name']
13:37:27 [Test worker] INFO  application.MyListener - The element -->By.cssSelector: [placeholder='Name']was found
13:37:28 [Test worker] INFO  application.MyListener - Start find element by -->By.cssSelector: [placeholder='Last Name']
13:37:28 [Test worker] INFO  application.MyListener - The element -->By.cssSelector: [placeholder='Last Name']was found
13:37:28 [Test worker] INFO  application.MyListener - Start find element by -->By.cssSelector: [placeholder='Phone']
13:37:28 [Test worker] INFO  application.MyListener - The element -->By.cssSelector: [placeholder='Phone']was found
13:37:28 [Test worker] INFO  application.MyListener - Start find element by -->By.cssSelector: [placeholder='email']
13:37:28 [Test worker] INFO  application.MyListener - The element -->By.cssSelector: [placeholder='email']was found
13:37:28 [Test worker] INFO  application.MyListener - Start find element by -->By.cssSelector: [placeholder='Address']
13:37:28 [Test worker] INFO  application.MyListener - The element -->By.cssSelector: [placeholder='Address']was found
13:37:28 [Test worker] INFO  application.MyListener - Start find element by -->By.cssSelector: [placeholder='description']
13:37:28 [Test worker] INFO  application.MyListener - The element -->By.cssSelector: [placeholder='description']was found
13:37:28 [Test worker] INFO  application.MyListener - Start find element by -->By.xpath: //b[.='Save']
13:37:28 [Test worker] INFO  application.MyListener - The element -->By.xpath: //b[.='Save']was found
13:37:28 [Test worker] INFO  application.MyListener - Start find element by -->By.xpath: //h3
13:37:29 [Test worker] INFO  application.MyListener - The element -->By.xpath: //h3was found
123456224713:37:29 [Test worker] INFO  application.MyListener - Start find element by -->By.cssSelector: .contact-item_card__2SOIM
13:37:29 [Test worker] INFO  application.MyListener - The element -->By.cssSelector: .contact-item_card__2SOIMwas found
13:37:29 [Test worker] INFO  application.MyListener - Start find element by -->By.cssSelector: .contact-item_card__2SOIM
13:37:29 [Test worker] INFO  application.MyListener - The element -->By.cssSelector: .contact-item_card__2SOIMwas found
13:37:29 [Test worker] INFO  application.MyListener - Start find element by -->By.xpath: //button[.='Remove']
13:37:29 [Test worker] INFO  application.MyListener - The element -->By.xpath: //button[.='Remove']was found
13:37:31 [Test worker] INFO  application.MyListener - Start find element by -->By.cssSelector: .contact-item_card__2SOIM
13:37:41 [Test worker] INFO  application.MyListener - The element -->By.cssSelector: .contact-item_card__2SOIMwas found
13:37:41 [Test worker] INFO  tests.TestBase - End of method --> removeOneContact
]]></system-out>
  <system-err><![CDATA[Starting ChromeDriver 92.0.4515.107 (87a818b10553a07434ea9e2b6dccf3cbe7895134-refs/branch-heads/4515@{#1634}) on port 46644
Only local connections are allowed.
Please see https://chromedriver.chromium.org/security-considerations for suggestions on keeping ChromeDriver safe.
ChromeDriver was started successfully.
Aug 20, 2021 1:36:51 PM org.openqa.selenium.remote.ProtocolHandshake createSession
INFO: Detected dialect: W3C
]]></system-err>
</testsuite>
