<?xml version="1.0" encoding="UTF-8"?>
<testsuite name="tests.LoginTest" tests="1" skipped="0" failures="0" errors="0" timestamp="2022-02-07T21:26:03" hostname="WIN-VLIAFR1P8UG" time="2.28">
  <properties/>
  <testcase name="loginTestBase" classname="tests.LoginTest" time="2.28"/>
  <system-out><![CDATA[23:25:53 [Test worker] INFO  application.MyListener - Start find element by -->By.xpath: //*[.='Sign Out']
23:26:03 [Test worker] INFO  application.MyListener - The element -->By.xpath: //*[.='Sign Out']was found
23:26:03 [Test worker] INFO  application.MyListener - Start find element by -->By.xpath: //a[.='LOGIN']
23:26:03 [Test worker] INFO  application.MyListener - The element -->By.xpath: //a[.='LOGIN']was found
23:26:03 [Test worker] INFO  application.MyListener - Start find element by -->By.xpath: //input[@placeholder='Email']
23:26:03 [Test worker] INFO  application.MyListener - The element -->By.xpath: //input[@placeholder='Email']was found
23:26:03 [Test worker] INFO  application.MyListener - Start find element by -->By.xpath: //input[@placeholder='Password']
23:26:03 [Test worker] INFO  application.MyListener - The element -->By.xpath: //input[@placeholder='Password']was found
23:26:04 [Test worker] INFO  tests.TestBase - Login with --> email: "anat@gmail.com", password: "Aa12345$"
23:26:04 [Test worker] INFO  application.MyListener - Start find element by -->By.xpath: //button[.=' Login']
23:26:04 [Test worker] INFO  application.MyListener - The element -->By.xpath: //button[.=' Login']was found
23:26:04 [Test worker] INFO  application.MyListener - Start find element by -->By.xpath: //*[.='Sign Out']
23:26:05 [Test worker] INFO  application.MyListener - The element -->By.xpath: //*[.='Sign Out']was found
23:26:05 [Test worker] INFO  application.MyListener - Start find element by -->By.xpath: //*[.='Sign Out']
23:26:05 [Test worker] INFO  application.MyListener - The element -->By.xpath: //*[.='Sign Out']was found
]]></system-out>
  <system-err><![CDATA[]]></system-err>
</testsuite>
